[17:03:46] [main/INFO]: Loading Minecraft 1.20.1 with Fabric Loader 0.16.3
[17:03:46] [main/INFO]: Loading 4 mods:
	- fabricloader 0.16.3
	   \-- mixinextras 0.4.1
	- java 17
	- minecraft 1.20.1
[17:03:46] [main/INFO]: SpongePowered MIXIN Subsystem Version=0.8.7 Source=file:/workspaces/monoschiggas/servidor_minecraft/libraries/net/fabricmc/sponge-mixin/0.15.2+mixin.0.8.7/sponge-mixin-0.15.2+mixin.0.8.7.jar Service=Knot/Fabric Env=SERVER
[17:03:51] [main/INFO]: Environment: authHost='https://authserver.mojang.com', accountsHost='https://api.mojang.com', sessionHost='https://sessionserver.mojang.com', servicesHost='https://api.minecraftservices.com', name='PROD'
[17:03:53] [main/INFO]: Loaded 7 recipes
[17:03:53] [main/INFO]: Loaded 1271 advancements
[17:03:53] [Server thread/INFO]: Starting minecraft server version 1.20.1
[17:03:53] [Server thread/INFO]: Loading properties
[17:03:53] [Server thread/INFO]: Default game type: SURVIVAL
[17:03:53] [Server thread/INFO]: Generating keypair
[17:03:53] [Server thread/INFO]: Starting Minecraft server on *:25565
[17:03:53] [Server thread/INFO]: Using epoll channel type
[17:03:53] [Server thread/WARN]: **** SERVER IS RUNNING IN OFFLINE/INSECURE MODE!
[17:03:53] [Server thread/WARN]: The server will make no attempt to authenticate usernames. Beware.
[17:03:53] [Server thread/WARN]: While this makes the game possible to play without internet access, it also opens up the ability for hackers to connect with any username they choose.
[17:03:53] [Server thread/WARN]: To change this, set "online-mode" to "true" in the server.properties file.
[17:03:54] [Server thread/INFO]: Preparing level "world"
[17:03:59] [Server thread/INFO]: Preparing start region for dimension minecraft:overworld
[17:04:00] [Worker-Main-3/INFO]: Preparing spawn area: 0%
[17:04:00] [Worker-Main-2/INFO]: Preparing spawn area: 0%
[17:04:00] [Worker-Main-1/INFO]: Preparing spawn area: 0%
[17:04:01] [Worker-Main-1/INFO]: Preparing spawn area: 0%
[17:04:01] [Worker-Main-2/INFO]: Preparing spawn area: 0%
[17:04:02] [Worker-Main-3/INFO]: Preparing spawn area: 0%
[17:04:02] [Worker-Main-3/INFO]: Preparing spawn area: 1%
[17:04:03] [Worker-Main-1/INFO]: Preparing spawn area: 2%
[17:04:03] [Worker-Main-1/INFO]: Preparing spawn area: 2%
[17:04:04] [Worker-Main-2/INFO]: Preparing spawn area: 4%
[17:04:04] [Worker-Main-1/INFO]: Preparing spawn area: 5%
[17:04:05] [Worker-Main-1/INFO]: Preparing spawn area: 6%
[17:04:05] [Worker-Main-3/INFO]: Preparing spawn area: 7%
[17:04:06] [Worker-Main-1/INFO]: Preparing spawn area: 9%
[17:04:06] [Worker-Main-2/INFO]: Preparing spawn area: 10%
[17:04:07] [Worker-Main-3/INFO]: Preparing spawn area: 11%
[17:04:07] [Worker-Main-3/INFO]: Preparing spawn area: 13%
[17:04:08] [Worker-Main-2/INFO]: Preparing spawn area: 15%
[17:04:08] [Worker-Main-1/INFO]: Preparing spawn area: 16%
[17:04:09] [Worker-Main-3/INFO]: Preparing spawn area: 18%
[17:04:09] [Worker-Main-2/INFO]: Preparing spawn area: 21%
[17:04:10] [Worker-Main-2/INFO]: Preparing spawn area: 23%
[17:04:10] [Worker-Main-3/INFO]: Preparing spawn area: 25%
[17:04:11] [Worker-Main-3/INFO]: Preparing spawn area: 29%
[17:04:11] [Worker-Main-1/INFO]: Preparing spawn area: 31%
[17:04:12] [Worker-Main-2/INFO]: Preparing spawn area: 34%
[17:04:12] [Worker-Main-1/INFO]: Preparing spawn area: 36%
[17:04:13] [Worker-Main-1/INFO]: Preparing spawn area: 40%
[17:04:13] [Worker-Main-3/INFO]: Preparing spawn area: 42%
[17:04:14] [Worker-Main-1/INFO]: Preparing spawn area: 45%
[17:04:14] [Worker-Main-1/INFO]: Preparing spawn area: 47%
[17:04:15] [Worker-Main-2/INFO]: Preparing spawn area: 51%
[17:04:15] [Worker-Main-2/INFO]: Preparing spawn area: 54%
[17:04:16] [Worker-Main-3/INFO]: Preparing spawn area: 56%
[17:04:16] [Worker-Main-3/INFO]: Preparing spawn area: 59%
[17:04:17] [Worker-Main-1/INFO]: Preparing spawn area: 63%
[17:04:17] [Worker-Main-3/INFO]: Preparing spawn area: 65%
[17:04:18] [Worker-Main-1/INFO]: Preparing spawn area: 68%
[17:04:18] [Worker-Main-2/INFO]: Preparing spawn area: 70%
[17:04:19] [Worker-Main-2/INFO]: Preparing spawn area: 73%
[17:04:19] [Worker-Main-1/INFO]: Preparing spawn area: 76%
[17:04:20] [Worker-Main-3/INFO]: Preparing spawn area: 79%
[17:04:20] [Worker-Main-2/INFO]: Preparing spawn area: 83%
[17:04:21] [Worker-Main-3/INFO]: Preparing spawn area: 85%
[17:04:21] [Worker-Main-1/INFO]: Preparing spawn area: 88%
[17:04:22] [Worker-Main-3/INFO]: Preparing spawn area: 91%
[17:04:22] [Worker-Main-3/INFO]: Preparing spawn area: 91%
[17:04:23] [Worker-Main-3/INFO]: Preparing spawn area: 93%
[17:04:23] [Worker-Main-1/INFO]: Preparing spawn area: 97%
[17:04:24] [Server thread/INFO]: Time elapsed: 24370 ms
[17:04:24] [Server thread/INFO]: Done (30.062s)! For help, type "help"
[17:05:29] [Server thread/INFO]: Stopping the server
[17:05:29] [Server thread/INFO]: Stopping server
[17:05:29] [Server thread/INFO]: Saving players
[17:05:29] [Server thread/INFO]: Saving worlds
[17:05:30] [Server thread/INFO]: Saving chunks for level 'ServerLevel[world]'/minecraft:overworld
[17:05:32] [Server thread/INFO]: Saving chunks for level 'ServerLevel[world]'/minecraft:the_end
[17:05:32] [Server thread/INFO]: Saving chunks for level 'ServerLevel[world]'/minecraft:the_nether
[17:05:32] [Server thread/INFO]: ThreadedAnvilChunkStorage (world): All chunks are saved
[17:05:32] [Server thread/INFO]: ThreadedAnvilChunkStorage (DIM1): All chunks are saved
[17:05:32] [Server thread/INFO]: ThreadedAnvilChunkStorage (DIM-1): All chunks are saved
[17:05:32] [Server thread/INFO]: ThreadedAnvilChunkStorage: All dimensions are saved
