[22:06:03] [main/INFO] ========================================
[22:06:03] [main/INFO] Minecraft: 1.20.1
[22:06:03] [main/INFO] Side: server
[22:06:03] [main/INFO] Development: false
[22:06:03] [main/INFO] Version: 12.1.785
[22:06:03] [main/INFO] Loader:
[22:06:03] [main/INFO] - Fabric: 0.16.14
[22:06:03] [main/INFO] - Fabric API: 0.92.6+1.20.1
[22:06:03] [main/INFO] Dependencies:
[22:06:03] [main/INFO] - Cloth Config: 11.1.136
[22:06:03] [main/INFO] - Architectury: 9.2.14
[22:06:03] [main/INFO] Mixin: 0.8.7
[22:06:03] [main/INFO] OS: Linux 6.8.0-1027-azure (amd64)
[22:06:03] [main/INFO] Java: 17.0.15 (Ubuntu)
[22:06:03] [main/INFO] ========================================
[22:06:03] [main/INFO] Mods:
[22:06:03] [main/INFO] - ad_astra: 1.15.20
[22:06:03] [main/INFO] - additionalentityattributes: 1.3.0+1.20.0
[22:06:03] [main/INFO] - almanac: 1.0.2
[22:06:03] [main/INFO] - apoli: 2.9.0
[22:06:03] [main/INFO] - appleskin: 2.5.1+mc1.20
[22:06:03] [main/INFO] - architectury: 9.2.14
[22:06:03] [main/INFO] - argonauts: 1.0.10
[22:06:03] [main/INFO] - artifacts: 9.5.15
[22:06:03] [main/INFO] - autotag: 2.0.2+1.20
[22:06:03] [main/INFO] - autotag-convention: 2.0.2+1.20
[22:06:03] [main/INFO] - azurelibarmor: 2.0.14
[22:06:03] [main/INFO] - backpacked: 3.0.0-beta.9
[22:06:03] [main/INFO] - betterdungeons: 1.20-Fabric-4.0.4
[22:06:03] [main/INFO] - betterendisland: 1.20-Fabric-2.0.6
[22:06:03] [main/INFO] - betterfortresses: 1.20-Fabric-2.0.6
[22:06:03] [main/INFO] - bettermineshafts: 1.20-Fabric-4.0.4
[22:06:03] [main/INFO] - betteroceanmonuments: 1.20-Fabric-3.0.4
[22:06:03] [main/INFO] - bewitchment: 1.20-10
[22:06:03] [main/INFO] - biolith: 1.0.0-alpha.8
[22:06:03] [main/INFO] - blue_endless_jankson: 1.2.2
[22:06:03] [main/INFO] - botarium: 2.3.4
[22:06:03] [main/INFO] - brewinandchewin: 3.0.6+1.20.1
[22:06:03] [main/INFO] - c2me: 0.2.0+alpha.11.16
[22:06:03] [main/INFO] - c2me-base: 0.2.0+alpha.11.16
[22:06:03] [main/INFO] - c2me-fixes-chunkio-threading-issues: 0.2.0+alpha.11.16
[22:06:03] [main/INFO] - c2me-fixes-general-threading-issues: 0.2.0+alpha.11.16
[22:06:03] [main/INFO] - c2me-fixes-worldgen-threading-issues: 0.2.0+alpha.11.16
[22:06:03] [main/INFO] - c2me-fixes-worldgen-vanilla-bugs: 0.2.0+alpha.11.16
[22:06:03] [main/INFO] - c2me-notickvd: 0.2.0+alpha.11.16
[22:06:03] [main/INFO] - c2me-opts-allocs: 0.2.0+alpha.11.16
[22:06:03] [main/INFO] - c2me-opts-chunk-access: 0.2.0+alpha.11.16
[22:06:03] [main/INFO] - c2me-opts-chunkio: 0.2.0+alpha.11.16
[22:06:03] [main/INFO] - c2me-opts-math: 0.2.0+alpha.11.16
[22:06:03] [main/INFO] - c2me-opts-scheduling: 0.2.0+alpha.11.16
[22:06:03] [main/INFO] - c2me-opts-worldgen-general: 0.2.0+alpha.11.16
[22:06:03] [main/INFO] - c2me-opts-worldgen-vanilla: 0.2.0+alpha.11.16
[22:06:03] [main/INFO] - c2me-rewrites-chunk-serializer: 0.2.0+alpha.11.16
[22:06:03] [main/INFO] - c2me-rewrites-chunkio: 0.2.0+alpha.11.16
[22:06:03] [main/INFO] - c2me-server-utils: 0.2.0+alpha.11.16
[22:06:03] [main/INFO] - c2me-threading-chunkio: 0.2.0+alpha.11.16
[22:06:03] [main/INFO] - c2me-threading-lighting: 0.2.0+alpha.11.16
[22:06:03] [main/INFO] - c2me-threading-worldgen: 0.2.0+alpha.11.16
[22:06:03] [main/INFO] - calio: 1.11.0
[22:06:03] [main/INFO] - cardinal-components-base: 5.2.2
[22:06:03] [main/INFO] - cardinal-components-entity: 5.2.2
[22:06:03] [main/INFO] - carryon: 2.1.2.7
[22:06:03] [main/INFO] - charmofundying: 6.5.0+1.20.1
[22:06:03] [main/INFO] - chococraft: 0.9.12
[22:06:03] [main/INFO] - chunky: 1.3.146
[22:06:03] [main/INFO] - cloth-basic-math: 0.6.1
[22:06:03] [main/INFO] - cloth-config: 11.1.136
[22:06:03] [main/INFO] - cloth-config: 11.1.136
[22:06:03] [main/INFO] - clumps: 12.0.0.4
[22:06:03] [main/INFO] - collective: 8.3
[22:06:03] [main/INFO] - com_electronwill_night-config_core: 3.8.1
[22:06:03] [main/INFO] - com_electronwill_night-config_toml: 3.8.1
[22:06:03] [main/INFO] - com_eliotlash_mclib_mclib: 20
[22:06:03] [main/INFO] - com_fasterxml_jackson_core_jackson-annotations: 2.15.2
[22:06:03] [main/INFO] - com_fasterxml_jackson_core_jackson-core: 2.15.2
[22:06:03] [main/INFO] - com_fasterxml_jackson_core_jackson-databind: 2.15.2
[22:06:03] [main/INFO] - com_github_zsoltmolnarrr_tinyconfig: 2.3.2
[22:06:03] [main/INFO] - com_google_code_findbugs_jsr305: 3.0.2
[22:06:03] [main/INFO] - com_google_code_gson_gson: 2.10.1
[22:06:03] [main/INFO] - com_ibm_async_asyncutil: 0.1.0
[22:06:03] [main/INFO] - com_teamresourceful_bytecodecs: 1.0.2
[22:06:03] [main/INFO] - com_teamresourceful_yabn: 1.0.3
[22:06:03] [main/INFO] - com_velocitypowered_velocity-native: 3.2.0-SNAPSHOT
[22:06:03] [main/INFO] - common-protection-api: 1.0.0
[22:06:03] [main/INFO] - commonnetworking: 1.0.5-1.20.1
[22:06:03] [main/INFO] - craftedcore: 5.8
[22:06:03] [main/INFO] - cratedelight: 24.11.22-1.20-fabric
[22:06:03] [main/INFO] - create: 0.5.1-j-build.1631+mc1.20.1
[22:06:03] [main/INFO] - creativecore: 2.12.33
[22:06:03] [main/INFO] - darksmelting: 1.0.6
[22:06:03] [main/INFO] - darktimer: 1.1.0
[22:06:03] [main/INFO] - dawn: 5.0.0
[22:06:03] [main/INFO] - delightfulcreators: 1.5-1.20.x
[22:06:03] [main/INFO] - disableportalchecks: 1.0.0
[22:06:03] [main/INFO] - dripstone_fluid_lib: 3.0.2
[22:06:03] [main/INFO] - easyanvils: 8.0.2
[22:06:03] [main/INFO] - easymagic: 8.0.1
[22:06:03] [main/INFO] - easyshulkerboxes: 8.0.2
[22:06:03] [main/INFO] - elytraslot: 6.4.4+1.20.1
[22:06:03] [main/INFO] - enchanted: 3.1.13
[22:06:03] [main/INFO] - enchantinginfuser: 8.0.3
[22:06:03] [main/INFO] - entityculling: 1.8.1
[22:06:03] [main/INFO] - error_notifier: 1.0.9
[22:06:03] [main/INFO] - expandability: 9.0.4
[22:06:03] [main/INFO] - fabric-api: 0.92.6+1.20.1
[22:06:03] [main/INFO] - fabric-api: 0.92.6+1.20.1
[22:06:03] [main/INFO] - fabric-api-base: 0.4.32+1802ada577
[22:06:03] [main/INFO] - fabric-api-lookup-api-v1: 1.6.37+1802ada577
[22:06:03] [main/INFO] - fabric-biome-api-v1: 13.0.14+1802ada577
[22:06:03] [main/INFO] - fabric-block-api-v1: 1.0.12+1802ada577
[22:06:03] [main/INFO] - fabric-block-view-api-v2: 1.0.3+924f046a77
[22:06:03] [main/INFO] - fabric-command-api-v1: 1.2.35+f71b366f77
[22:06:03] [main/INFO] - fabric-command-api-v2: 2.2.14+1802ada577
[22:06:03] [main/INFO] - fabric-commands-v0: 0.2.52+df3654b377
[22:06:03] [main/INFO] - fabric-containers-v0: 0.1.67+df3654b377
[22:06:03] [main/INFO] - fabric-content-registries-v0: 4.0.13+1802ada577
[22:06:03] [main/INFO] - fabric-convention-tags-v1: 1.5.6+1802ada577
[22:06:03] [main/INFO] - fabric-crash-report-info-v1: 0.2.20+1802ada577
[22:06:03] [main/INFO] - fabric-data-attachment-api-v1: 1.0.2+de0fd6d177
[22:06:03] [main/INFO] - fabric-data-generation-api-v1: 12.3.7+1802ada577
[22:06:03] [main/INFO] - fabric-dimensions-v1: 2.1.55+1802ada577
[22:06:03] [main/INFO] - fabric-entity-events-v1: 1.6.1+1c78457f77
[22:06:03] [main/INFO] - fabric-events-interaction-v0: 0.6.5+13a40c6677
[22:06:03] [main/INFO] - fabric-events-lifecycle-v0: 0.2.64+df3654b377
[22:06:03] [main/INFO] - fabric-game-rule-api-v1: 1.0.41+1802ada577
[22:06:03] [main/INFO] - fabric-item-api-v1: 2.1.29+1802ada577
[22:06:03] [main/INFO] - fabric-item-group-api-v1: 4.0.14+1802ada577
[22:06:03] [main/INFO] - fabric-language-kotlin: 1.13.4+kotlin.2.2.0
[22:06:03] [main/INFO] - fabric-lifecycle-events-v1: 2.2.23+1802ada577
[22:06:03] [main/INFO] - fabric-loot-api-v2: 1.2.3+1802ada577
[22:06:03] [main/INFO] - fabric-loot-tables-v1: 1.1.47+9e7660c677
[22:06:03] [main/INFO] - fabric-message-api-v1: 5.1.10+1802ada577
[22:06:03] [main/INFO] - fabric-mining-level-api-v1: 2.1.52+1802ada577
[22:06:03] [main/INFO] - fabric-networking-api-v1: 1.3.14+a158aa0477
[22:06:03] [main/INFO] - fabric-networking-v0: 0.3.54+df3654b377
[22:06:03] [main/INFO] - fabric-object-builder-api-v1: 11.1.5+e35120df77
[22:06:03] [main/INFO] - fabric-particles-v1: 1.1.3+1802ada577
[22:06:03] [main/INFO] - fabric-permissions-api-v0: 0.3.1
[22:06:03] [main/INFO] - fabric-recipe-api-v1: 1.0.24+1802ada577
[22:06:03] [main/INFO] - fabric-registry-sync-v0: 2.3.6+1802ada577
[22:06:03] [main/INFO] - fabric-rendering-data-attachment-v1: 0.3.39+92a0d36777
[22:06:03] [main/INFO] - fabric-rendering-fluids-v1: 3.0.29+1802ada577
[22:06:03] [main/INFO] - fabric-resource-conditions-api-v1: 2.3.9+1802ada577
[22:06:03] [main/INFO] - fabric-resource-loader-v0: 0.11.12+fb82e9d777
[22:06:03] [main/INFO] - fabric-screen-handler-api-v1: 1.3.33+1802ada577
[22:06:03] [main/INFO] - fabric-transfer-api-v1: 3.3.6+8dd72ea377
[22:06:03] [main/INFO] - fabric-transitive-access-wideners-v1: 4.3.2+1802ada577
[22:06:03] [main/INFO] - fabricloader: 0.16.14
[22:06:03] [main/INFO] - fantasy_armor: 1.0-1.20.1
[22:06:03] [main/INFO] - fantasy_weapons: 0.3.1-1.20.1
[22:06:03] [main/INFO] - farmersdelight: 1.20.1-2.4.0+refabricated
[22:06:03] [main/INFO] - fastboot: 1.2-fabric
[22:06:03] [main/INFO] - ferritecore: 6.0.1
[22:06:03] [main/INFO] - fiber: 0.23.0-2
[22:06:03] [main/INFO] - forgeconfigapiport: 8.0.2
[22:06:03] [main/INFO] - framework: 0.7.15
[22:06:03] [main/INFO] - friendsandfoes: 3.0.9
[22:06:03] [main/INFO] - geckolib: 4.7.2
[22:06:03] [main/INFO] - genshinstrument: 5.0
[22:06:03] [main/INFO] - haema: 1.13.3+1.20.1-unofficial
[22:06:03] [main/INFO] - healingcampfire: 6.2
[22:06:03] [main/INFO] - icarus: 2.12.0
[22:06:03] [main/INFO] - iceandfire: 1.1
[22:06:03] [main/INFO] - idletweaks: 1.0.8
[22:06:03] [main/INFO] - immersive_aircraft: 1.3.3+1.20.1
[22:06:03] [main/INFO] - impersonate: 2.10.3
[22:06:03] [main/INFO] - incendium: 5.3.5
[22:06:03] [main/INFO] - jade: 11.12.3+fabric
[22:06:03] [main/INFO] - java: 17
[22:06:03] [main/INFO] - javazoom_jlayer: 1.0.1
[22:06:03] [main/INFO] - jupiter: 2.2
[22:06:03] [main/INFO] - kanos_config: 0.4.1+1.14.4-1.19.4
[22:06:03] [main/INFO] - keybind_fix: 1.0.0
[22:06:03] [main/INFO] - krypton: 0.2.3
[22:06:03] [main/INFO] - lavender: 0.1.9+1.20
[22:06:03] [main/INFO] - lavender-md: 0.1.1+1.20
[22:06:03] [main/INFO] - lavender-md-owo-ui: 0.1.1+1.20
[22:06:03] [main/INFO] - lazydfu: 0.1.3
[22:06:03] [main/INFO] - letmedespawn: 1.5.0
[22:06:03] [main/INFO] - libz: 1.0.3
[22:06:03] [main/INFO] - lithium: 0.11.3
[22:06:03] [main/INFO] - lithostitched: 1.4.11
[22:06:03] [main/INFO] - lockandblock: 0.8.0
[22:06:03] [main/INFO] - magicmirror: 1.1.1
[22:06:03] [main/INFO] - magnumtorch: 8.0.2
[22:06:03] [main/INFO] - man_of_many_planes: 0.2.0+1.20.1
[22:06:03] [main/INFO] - maxenchantx: 1.3-1.20
[22:06:03] [main/INFO] - maxhealthfix: 12.0.3
[22:06:03] [main/INFO] - memory-check: 1.5
[22:06:03] [main/INFO] - memoryleakfix: 1.1.5
[22:06:03] [main/INFO] - midnightlib: 1.4.1
[22:06:03] [main/INFO] - milk: 1.2.60
[22:06:03] [main/INFO] - minecraft: 1.20.1
[22:06:03] [main/INFO] - mixinextras: 0.4.1
[22:06:03] [main/INFO] - mixinsquared: 0.1.2-beta.6
[22:06:03] [main/INFO] - mm: 2.3
[22:06:03] [main/INFO] - modernfix: 5.24.1+mc1.20.1
[22:06:03] [main/INFO] - moredelight: 25.1.13-1.20-fabric
[22:06:03] [main/INFO] - moremobvariants: 1.3.1
[22:06:03] [main/INFO] - mr_dragon_movementfix: 1.1.5
[22:06:03] [main/INFO] - mr_dynamic_torches: 4.5+1.20.4backport
[22:06:03] [main/INFO] - mr_stellarity: 2.0e
[22:06:03] [main/INFO] - net_lingala_zip4j_zip4j: 2.11.5
[22:06:03] [main/INFO] - net_minecraftforge_eventbus: 6.0.3
[22:06:03] [main/INFO] - net_objecthunter_exp4j: 0.4.8
[22:06:03] [main/INFO] - nethersdelight: 1.20.1-4.1.1
[22:06:03] [main/INFO] - no-shield-delay: 1.0.1
[22:06:03] [main/INFO] - noisium: 2.3.0+mc1.20-1.20.1
[22:06:03] [main/INFO] - oceansdelight: fdrf-fabric-1.0.2-1.20
[22:06:03] [main/INFO] - org_javassist_javassist: 3.29.2-GA
[22:06:03] [main/INFO] - org_jetbrains_kotlin_kotlin-reflect: 2.2.0
[22:06:03] [main/INFO] - org_jetbrains_kotlin_kotlin-stdlib: 2.2.0
[22:06:03] [main/INFO] - org_jetbrains_kotlin_kotlin-stdlib-jdk7: 2.2.0
[22:06:03] [main/INFO] - org_jetbrains_kotlin_kotlin-stdlib-jdk8: 2.2.0
[22:06:03] [main/INFO] - org_jetbrains_kotlinx_atomicfu-jvm: 0.28.0
[22:06:03] [main/INFO] - org_jetbrains_kotlinx_kotlinx-coroutines-core-jvm: 1.10.2
[22:06:03] [main/INFO] - org_jetbrains_kotlinx_kotlinx-coroutines-jdk8: 1.10.2
[22:06:03] [main/INFO] - org_jetbrains_kotlinx_kotlinx-datetime-jvm: 0.6.2
[22:06:03] [main/INFO] - org_jetbrains_kotlinx_kotlinx-io-bytestring-jvm: 0.7.0
[22:06:03] [main/INFO] - org_jetbrains_kotlinx_kotlinx-io-core-jvm: 0.7.0
[22:06:03] [main/INFO] - org_jetbrains_kotlinx_kotlinx-serialization-cbor-jvm: 1.8.1
[22:06:03] [main/INFO] - org_jetbrains_kotlinx_kotlinx-serialization-core-jvm: 1.8.1
[22:06:03] [main/INFO] - org_jetbrains_kotlinx_kotlinx-serialization-json-jvm: 1.8.1
[22:06:03] [main/INFO] - org_mariuszgromada_math_mathparser_org-mxparser: 5.2.1
[22:06:03] [main/INFO] - org_reflections_reflections: 0.10.2
[22:06:03] [main/INFO] - org_threadly_threadly: 7.0
[22:06:03] [main/INFO] - org_yaml_snakeyaml: 2.2
[22:06:03] [main/INFO] - origins: 1.10.0
[22:06:03] [main/INFO] - owo: 0.11.2+1.20
[22:06:03] [main/INFO] - packet_tweaker: 0.4.0+1.19.4
[22:06:03] [main/INFO] - packetfixer: 3.1.2
[22:06:03] [main/INFO] - palladiumcore: 1.20-2.0.0.0
[22:06:03] [main/INFO] - patchouli: 1.20.1-84-FABRIC
[22:06:03] [main/INFO] - patpat: 1.1.1+1.20.1
[22:06:03] [main/INFO] - pehkui: 3.8.3+1.14.4-1.21
[22:06:03] [main/INFO] - placeholder-api: 2.1.3+1.20.1
[22:06:03] [main/INFO] - player-animator: 1.0.2-rc1+1.20
[22:06:03] [main/INFO] - playerabilitylib: 1.8.0
[22:06:03] [main/INFO] - polymer-common: 0.5.19+1.20.1
[22:06:03] [main/INFO] - polymer-core: 0.5.19+1.20.1
[22:06:03] [main/INFO] - polymer-networking: 0.5.19+1.20.1
[22:06:03] [main/INFO] - polymer-registry-sync-manipulator: 0.5.19+1.20.1
[22:06:03] [main/INFO] - polymer-resource-pack: 0.5.19+1.20.1
[22:06:03] [main/INFO] - polymer-virtual-entity: 0.5.19+1.20.1
[22:06:03] [main/INFO] - porting_lib_accessors: 2.3.8+1.20.1
[22:06:03] [main/INFO] - porting_lib_attributes: 2.3.8+1.20.1
[22:06:03] [main/INFO] - porting_lib_base: 2.3.8+1.20.1
[22:06:03] [main/INFO] - porting_lib_brewing: 2.3.8+1.20.1
[22:06:03] [main/INFO] - porting_lib_client_events: 2.3.8+1.20.1
[22:06:03] [main/INFO] - porting_lib_common: 2.3.8+1.20.1
[22:06:03] [main/INFO] - porting_lib_config: 2.3.8+1.20.1
[22:06:03] [main/INFO] - porting_lib_core: 2.3.8+1.20.1
[22:06:03] [main/INFO] - porting_lib_data: 2.1.1090+1.20
[22:06:03] [main/INFO] - porting_lib_entity: 2.3.8+1.20.1
[22:06:03] [main/INFO] - porting_lib_extensions: 2.3.8+1.20.1
[22:06:03] [main/INFO] - porting_lib_fluids: 2.3.8+1.20.1
[22:06:03] [main/INFO] - porting_lib_gametest: 2.1.1090+1.20
[22:06:03] [main/INFO] - porting_lib_gui_utils: 2.3.8+1.20.1
[22:06:03] [main/INFO] - porting_lib_lazy_registration: 2.3.8+1.20.1
[22:06:03] [main/INFO] - porting_lib_loot: 2.3.8+1.20.1
[22:06:03] [main/INFO] - porting_lib_mixin_extensions: 2.3.8+1.20.1
[22:06:03] [main/INFO] - porting_lib_model_generators: 2.1.1090+1.20
[22:06:03] [main/INFO] - porting_lib_model_loader: 2.3.8+1.20.1
[22:06:03] [main/INFO] - porting_lib_model_materials: 2.1.1090+1.20
[22:06:03] [main/INFO] - porting_lib_models: 2.3.8+1.20.1
[22:06:03] [main/INFO] - porting_lib_networking: 2.3.8+1.20.1
[22:06:03] [main/INFO] - porting_lib_obj_loader: 2.3.8+1.20.1
[22:06:03] [main/INFO] - porting_lib_recipe_book_categories: 2.3.8+1.20.1
[22:06:03] [main/INFO] - porting_lib_tags: 3.0
[22:06:03] [main/INFO] - porting_lib_tool_actions: 2.3.8+1.20.1
[22:06:03] [main/INFO] - porting_lib_transfer: 2.3.8+1.20.1
[22:06:03] [main/INFO] - porting_lib_utility: 2.3.8+1.20.1
[22:06:03] [main/INFO] - predicate-api: 0.2.1+1.20.1
[22:06:03] [main/INFO] - promenade: 4.1.1
[22:06:03] [main/INFO] - puzzlesaccessapi: 20.1.1
[22:06:03] [main/INFO] - puzzlesapi: 8.1.6
[22:06:03] [main/INFO] - puzzleslib: 8.1.32
[22:06:03] [main/INFO] - reach-entity-attributes: 2.4.0
[22:06:03] [main/INFO] - registrate-fabric: 1.3.79-MC1.20.1
[22:06:03] [main/INFO] - resourcefulconfig: 2.1.3
[22:06:03] [main/INFO] - resourcefullib: 2.1.29
[22:06:03] [main/INFO] - ribbits: 1.20.1-Fabric-3.0.4
[22:06:03] [main/INFO] - roughlyenoughitems: 12.1.785
[22:06:03] [main/INFO] - runes: 0.9.13+1.20.1
[22:06:03] [main/INFO] - rusticdelight: 1.3.2
[22:06:03] [main/INFO] - seasons: 2.3+1.20
[22:06:03] [main/INFO] - seeddelight: 0.1
[22:06:03] [main/INFO] - server_translations_api: 2.0.0+1.20
[22:06:03] [main/INFO] - servercore: 1.5.2+1.20.1
[22:06:03] [main/INFO] - sgui: 1.2.2+1.20
[22:06:03] [main/INFO] - sit: 1.20.1-27
[22:06:03] [main/INFO] - skinshifter: 1.3
[22:06:03] [main/INFO] - smallships: 2.0.0-b1.4
[22:06:03] [main/INFO] - smartbrainlib: 1.15
[22:06:03] [main/INFO] - smoothmenu: 1.1.0
[22:06:03] [main/INFO] - space_arim_dazzleconf_dazzleconf-core: 1.3.0-M2
[22:06:03] [main/INFO] - space_arim_dazzleconf_dazzleconf-ext-snakeyaml: 1.3.0-M2
[22:06:03] [main/INFO] - sparsestructures: 2.2.0
[22:06:03] [main/INFO] - spectrelib: 0.13.15+1.20.1
[22:06:03] [main/INFO] - spell_engine: 0.15.12+1.20.1
[22:06:03] [main/INFO] - spell_power: 0.12.0+1.20.1
[22:06:03] [main/INFO] - sponsor_core: 1.0.0
[22:06:03] [main/INFO] - starlight: 1.1.2+fabric.dbc156f
[22:06:03] [main/INFO] - stateobserver: 1.4.3
[22:06:03] [main/INFO] - step-height-entity-attribute: 1.2.0
[22:06:03] [main/INFO] - storagedelight: 25.6.26-1.20-fabric
[22:06:03] [main/INFO] - structure_pool_api: 1.0+1.20.1
[22:06:03] [main/INFO] - team_reborn_energy: 3.0.0
[22:06:03] [main/INFO] - terraform-shapes-api-v1: 7.0.1
[22:06:03] [main/INFO] - terraform-surfaces-api-v1: 7.0.1
[22:06:03] [main/INFO] - terraform-wood-api-v1: 7.0.3
[22:06:03] [main/INFO] - tiered: 1.3.3
[22:06:03] [main/INFO] - transition: 1.0.3
[22:06:03] [main/INFO] - trender: 1.0.5
[22:06:03] [main/INFO] - trinkets: 3.7.2
[22:06:03] [main/INFO] - universal-graves: 3.0.3+1.20.1
[22:06:03] [main/INFO] - uranus: 2.2.4
[22:06:03] [main/INFO] - urlmusicdiscs: 1.2.0
[22:06:03] [main/INFO] - vc_gliders: 1.1.7
[22:06:03] [main/INFO] - vinery: 1.4.39
[22:06:03] [main/INFO] - wizards: 1.4.1+1.20.1
[22:06:03] [main/INFO] - xaerominimap: 25.2.6
[22:06:03] [main/INFO] - xaeroworldmap: 1.39.9
[22:06:03] [main/INFO] - yungsapi: 1.20-Fabric-4.0.6
[22:06:03] [main/INFO] ========================================
[22:06:03] [main/INFO] [REI] Registered plugin provider ServerREIPlugin [farmersdelight] for REIPlugin
[22:06:03] [main/INFO] [REI] Registered plugin provider DefaultPlugin [roughlyenoughitems] for REIPlugin
[22:06:03] [main/INFO] [REI] Registered plugin provider DefaultRuntimePlugin [roughlyenoughitems] for REIPlugin
[22:06:03] [main/INFO] [REI] Registered plugin provider ServerREIPlugin [farmersdelight] for REIServerPlugin
[22:06:03] [main/INFO] [REI] Registered plugin provider DefaultPlugin [roughlyenoughitems] for REIServerPlugin
[22:06:03] [main/INFO] [REI] Registered plugin provider DefaultRuntimePlugin [roughlyenoughitems] for REIServerPlugin
[22:06:03] [main/INFO] [REI] Registered plugin provider FabricFluidAPISupportPlugin for REIServerPlugin
[22:06:03] [main/INFO] [REI] Registered plugin provider FabricFluidAPISupportPlugin for REIPlugin
[22:06:06] [Worker-Main-3/DEBUG] [REI] Processed 0 tags in 31.88 μs for minecraft:worldgen/world_preset
[22:06:06] [Worker-Main-2/DEBUG] [REI] Processed 2 tags in 53.19 μs for minecraft:painting_variant
[22:06:06] [Worker-Main-1/DEBUG] [REI] Processed 5 tags in 509.4 μs for minecraft:enchantment
[22:06:06] [Worker-Main-3/DEBUG] [REI] Processed 5 tags in 95.78 μs for minecraft:game_event
[22:06:06] [Worker-Main-2/DEBUG] [REI] Processed 5 tags in 45.06 μs for minecraft:point_of_interest_type
[22:06:06] [Worker-Main-3/DEBUG] [REI] Processed 0 tags in 4.259 μs for minecraft:dimension_type
[22:06:06] [Worker-Main-2/DEBUG] [REI] Processed 3 tags in 22.78 μs for minecraft:instrument
[22:06:06] [Worker-Main-1/DEBUG] [REI] Processed 88 tags in 594.3 μs for minecraft:entity_type
[22:06:06] [Worker-Main-2/DEBUG] [REI] Processed 4 tags in 43.35 μs for minecraft:mob_effect
[22:06:06] [Worker-Main-2/DEBUG] [REI] Processed 2 tags in 20.47 μs for minecraft:cat_variant
[22:06:06] [Worker-Main-2/DEBUG] [REI] Processed 1 tags in 8.646 μs for minecraft:recipe_serializer
[22:06:06] [Worker-Main-2/DEBUG] [REI] Processed 0 tags in 4.679 μs for minecraft:dimension
[22:06:06] [Worker-Main-2/DEBUG] [REI] Processed 26 tags in 88.48 μs for minecraft:banner_pattern
[22:06:06] [Worker-Main-2/DEBUG] [REI] Processed 0 tags in 3.626 μs for minecraft:worldgen/flat_level_generator_preset
[22:06:06] [Worker-Main-2/DEBUG] [REI] Processed 0 tags in 4.017 μs for minecraft:worldgen/processor_list
[22:06:06] [Worker-Main-2/DEBUG] [REI] Processed 0 tags in 10.17 μs for minecraft:worldgen/structure
[22:06:06] [Worker-Main-2/DEBUG] [REI] Processed 0 tags in 4.068 μs for minecraft:worldgen/structure_set
[22:06:06] [Worker-Main-1/DEBUG] [REI] Processed 0 tags in 105.8 μs for minecraft:worldgen/biome
[22:06:06] [Worker-Main-2/DEBUG] [REI] Processed 0 tags in 17.21 μs for minecraft:damage_type
[22:06:06] [Worker-Main-2/DEBUG] [REI] Processed 34 tags in 112.4 μs for minecraft:fluid
[22:06:06] [Worker-Main-3/DEBUG] [REI] Processed 923 tags in 7.722 ms for minecraft:item
[22:06:06] [Worker-Main-1/DEBUG] [REI] Processed 615 tags in 7.990 ms for minecraft:block
[22:06:08] [main/DEBUG] [REI] Starting Reload Plugins of stage null
java.lang.Throwable
	at knot//me.shedaniel.rei.impl.common.plugins.ReloadManagerImpl.reloadPlugins(ReloadManagerImpl.java:110)
	at knot//me.shedaniel.rei.RoughlyEnoughItemsCore.lambda$onInitialize$5(RoughlyEnoughItemsCore.java:163)
	at java.base/java.util.concurrent.CompletableFuture$UniRun.tryFire(CompletableFuture.java:787)
	at java.base/java.util.concurrent.CompletableFuture$Completion.run(CompletableFuture.java:482)
	at knot//net.minecraft.class_4014.method_18365(class_4014.java:69)
	at knot//net.minecraft.class_156.method_43498(class_156.java:950)
	at knot//net.minecraft.class_156.method_43499(class_156.java:938)
	at knot//net.minecraft.server.Main.main(Main.java:160)
	at net.fabricmc.loader.impl.game.minecraft.MinecraftGameProvider.launch(MinecraftGameProvider.java:480)
	at net.fabricmc.loader.impl.launch.knot.Knot.launch(Knot.java:74)
	at net.fabricmc.loader.impl.launch.knot.KnotServer.main(KnotServer.java:23)
	at net.fabricmc.loader.impl.launch.server.FabricServerLauncher.main(FabricServerLauncher.java:69)
	at net.fabricmc.installer.ServerLauncher.main(ServerLauncher.java:69)
[22:06:08] [main/DEBUG] [REI] ========================================
[22:06:08] [main/DEBUG] [REI] REIPlugin starting pre-reload for START.
[22:06:08] [main/DEBUG] [REI] Reloadables (7):
[22:06:08] [main/DEBUG] [REI]  - EntryTypeRegistryImpl
[22:06:08] [main/DEBUG] [REI]  - EntrySettingsAdapterRegistryImpl
[22:06:08] [main/DEBUG] [REI]  - RecipeManagerContextImpl
[22:06:08] [main/DEBUG] [REI]  - ItemComparatorRegistryImpl
[22:06:08] [main/DEBUG] [REI]  - FluidComparatorRegistryImpl
[22:06:08] [main/DEBUG] [REI]  - DisplaySerializerRegistryImpl
[22:06:08] [main/DEBUG] [REI]  - FluidSupportProviderImpl
[22:06:08] [main/DEBUG] [REI] Plugins (4):
[22:06:08] [main/DEBUG] [REI]  - (-100.00) DefaultPlugin of DefaultPlugin [roughlyenoughitems]
[22:06:08] [main/DEBUG] [REI]  - (0.00) FabricFluidAPISupportPlugin
[22:06:08] [main/DEBUG] [REI]  - (0.00) DefaultRuntimePlugin of DefaultRuntimePlugin [roughlyenoughitems]
[22:06:08] [main/DEBUG] [REI]  - (0.00) ServerREIPlugin of ServerREIPlugin [farmersdelight]
[22:06:08] [main/DEBUG] [REI] ========================================
[22:06:08] [main/TRACE] [REI] [REIPlugin START] Reloading Section: "pre-register/"
[22:06:08] [main/TRACE] [REI] [REIPlugin START] Reloading Section: "pre-register/DefaultPlugin of DefaultPlugin [roughlyenoughitems]/"
[22:06:08] [main/TRACE] [REI] [REIPlugin START] Reloading Section: "pre-register/DefaultPlugin of DefaultPlugin [roughlyenoughitems]/" done in 1.085 ms
[22:06:08] [main/TRACE] [REI] [REIPlugin START] Reloading Section: "pre-register/FabricFluidAPISupportPlugin/"
[22:06:08] [main/TRACE] [REI] [REIPlugin START] Reloading Section: "pre-register/FabricFluidAPISupportPlugin/" done in 160.9 μs
[22:06:08] [main/TRACE] [REI] [REIPlugin START] Reloading Section: "pre-register/DefaultRuntimePlugin of DefaultRuntimePlugin [roughlyenoughitems]/"
[22:06:08] [main/TRACE] [REI] [REIPlugin START] Reloading Section: "pre-register/DefaultRuntimePlugin of DefaultRuntimePlugin [roughlyenoughitems]/" done in 73.92 μs
[22:06:08] [main/TRACE] [REI] [REIPlugin START] Reloading Section: "pre-register/ServerREIPlugin of ServerREIPlugin [farmersdelight]/"
[22:06:08] [main/TRACE] [REI] [REIPlugin START] Reloading Section: "pre-register/ServerREIPlugin of ServerREIPlugin [farmersdelight]/" done in 66.30 μs
[22:06:08] [main/TRACE] [REI] [REIPlugin START] Reloading Section: "pre-register/" done in 10.89 ms
[22:06:08] [main/TRACE] [REI] [REIPlugin START] Reloading Section: "pre-stage/"
[22:06:08] [main/TRACE] [REI] [REIPlugin START] Reloading Section: "pre-stage/EntryTypeRegistryImpl/"
[22:06:08] [main/TRACE] [REI] [REIPlugin START] Reloading Section: "pre-stage/EntryTypeRegistryImpl/" done in 1.205 ms
[22:06:08] [main/TRACE] [REI] [REIPlugin START] Reloading Section: "pre-stage/EntrySettingsAdapterRegistryImpl/"
[22:06:08] [main/TRACE] [REI] [REIPlugin START] Reloading Section: "pre-stage/EntrySettingsAdapterRegistryImpl/" done in 134.5 μs
[22:06:08] [main/TRACE] [REI] [REIPlugin START] Reloading Section: "pre-stage/RecipeManagerContextImpl/"
[22:06:08] [main/TRACE] [REI] [REIPlugin START] Reloading Section: "pre-stage/RecipeManagerContextImpl/" done in 116.5 μs
[22:06:08] [main/TRACE] [REI] [REIPlugin START] Reloading Section: "pre-stage/ItemComparatorRegistryImpl/"
[22:06:08] [main/TRACE] [REI] [REIPlugin START] Reloading Section: "pre-stage/ItemComparatorRegistryImpl/" done in 159.9 μs
[22:06:08] [main/TRACE] [REI] [REIPlugin START] Reloading Section: "pre-stage/FluidComparatorRegistryImpl/"
[22:06:08] [main/TRACE] [REI] [REIPlugin START] Reloading Section: "pre-stage/FluidComparatorRegistryImpl/" done in 43.56 μs
[22:06:08] [main/TRACE] [REI] [REIPlugin START] Reloading Section: "pre-stage/DisplaySerializerRegistryImpl/"
[22:06:08] [main/TRACE] [REI] [REIPlugin START] Reloading Section: "pre-stage/DisplaySerializerRegistryImpl/" done in 44.18 μs
[22:06:08] [main/TRACE] [REI] [REIPlugin START] Reloading Section: "pre-stage/FluidSupportProviderImpl/"
[22:06:08] [main/TRACE] [REI] [REIPlugin START] Reloading Section: "pre-stage/FluidSupportProviderImpl/" done in 49.73 μs
[22:06:08] [main/TRACE] [REI] [REIPlugin START] Reloading Section: "pre-stage/" done in 3.062 ms
[22:06:08] [main/DEBUG] [REI] ========================================
[22:06:08] [main/DEBUG] [REI] REIPlugin finished pre-reload for START in 14.78 ms.
[22:06:08] [main/DEBUG] [REI] ========================================
[22:06:08] [main/DEBUG] [REI] ========================================
[22:06:08] [main/DEBUG] [REI] REIServerPlugin starting pre-reload for START.
[22:06:08] [main/DEBUG] [REI] Reloadables (2):
[22:06:08] [main/DEBUG] [REI]  - MenuInfoRegistryImpl
[22:06:08] [main/DEBUG] [REI]  - SlotAccessorRegistryImpl
[22:06:08] [main/DEBUG] [REI] Plugins (4):
[22:06:08] [main/DEBUG] [REI]  - (-100.00) DefaultPlugin of DefaultPlugin [roughlyenoughitems]
[22:06:08] [main/DEBUG] [REI]  - (0.00) FabricFluidAPISupportPlugin
[22:06:08] [main/DEBUG] [REI]  - (0.00) DefaultRuntimePlugin of DefaultRuntimePlugin [roughlyenoughitems]
[22:06:08] [main/DEBUG] [REI]  - (0.00) ServerREIPlugin of ServerREIPlugin [farmersdelight]
[22:06:08] [main/DEBUG] [REI] ========================================
[22:06:08] [main/TRACE] [REI] [REIServerPlugin START] Reloading Section: "pre-register/"
[22:06:08] [main/TRACE] [REI] [REIServerPlugin START] Reloading Section: "pre-register/DefaultPlugin of DefaultPlugin [roughlyenoughitems]/"
[22:06:08] [main/TRACE] [REI] [REIServerPlugin START] Reloading Section: "pre-register/DefaultPlugin of DefaultPlugin [roughlyenoughitems]/" done in 46.82 μs
[22:06:08] [main/TRACE] [REI] [REIServerPlugin START] Reloading Section: "pre-register/FabricFluidAPISupportPlugin/"
[22:06:08] [main/TRACE] [REI] [REIServerPlugin START] Reloading Section: "pre-register/FabricFluidAPISupportPlugin/" done in 54.21 μs
[22:06:08] [main/TRACE] [REI] [REIServerPlugin START] Reloading Section: "pre-register/DefaultRuntimePlugin of DefaultRuntimePlugin [roughlyenoughitems]/"
[22:06:08] [main/TRACE] [REI] [REIServerPlugin START] Reloading Section: "pre-register/DefaultRuntimePlugin of DefaultRuntimePlugin [roughlyenoughitems]/" done in 292.7 μs
[22:06:08] [main/TRACE] [REI] [REIServerPlugin START] Reloading Section: "pre-register/ServerREIPlugin of ServerREIPlugin [farmersdelight]/"
[22:06:08] [main/TRACE] [REI] [REIServerPlugin START] Reloading Section: "pre-register/ServerREIPlugin of ServerREIPlugin [farmersdelight]/" done in 44.76 μs
[22:06:08] [main/TRACE] [REI] [REIServerPlugin START] Reloading Section: "pre-register/" done in 908.4 μs
[22:06:08] [main/TRACE] [REI] [REIServerPlugin START] Reloading Section: "pre-stage/"
[22:06:08] [main/TRACE] [REI] [REIServerPlugin START] Reloading Section: "pre-stage/MenuInfoRegistryImpl/"
[22:06:08] [main/TRACE] [REI] [REIServerPlugin START] Reloading Section: "pre-stage/MenuInfoRegistryImpl/" done in 39.62 μs
[22:06:08] [main/TRACE] [REI] [REIServerPlugin START] Reloading Section: "pre-stage/SlotAccessorRegistryImpl/"
[22:06:08] [main/TRACE] [REI] [REIServerPlugin START] Reloading Section: "pre-stage/SlotAccessorRegistryImpl/" done in 60.04 μs
[22:06:08] [main/TRACE] [REI] [REIServerPlugin START] Reloading Section: "pre-stage/" done in 488.9 μs
[22:06:08] [main/DEBUG] [REI] ========================================
[22:06:08] [main/DEBUG] [REI] REIServerPlugin finished pre-reload for START in 1.931 ms.
[22:06:08] [main/DEBUG] [REI] ========================================
[22:06:08] [main/INFO] [REI] ----------------------------------------
[22:06:08] [main/INFO] [REI] REIPlugin starting main-reload for START.
[22:06:08] [main/DEBUG] [REI] Reloadables (7):
[22:06:08] [main/DEBUG] [REI]  - EntryTypeRegistryImpl
[22:06:08] [main/DEBUG] [REI]  - EntrySettingsAdapterRegistryImpl
[22:06:08] [main/DEBUG] [REI]  - RecipeManagerContextImpl
[22:06:08] [main/DEBUG] [REI]  - ItemComparatorRegistryImpl
[22:06:08] [main/DEBUG] [REI]  - FluidComparatorRegistryImpl
[22:06:08] [main/DEBUG] [REI]  - DisplaySerializerRegistryImpl
[22:06:08] [main/DEBUG] [REI]  - FluidSupportProviderImpl
[22:06:08] [main/INFO] [REI] Plugins (4):
[22:06:08] [main/INFO] [REI]  - (-100.00) DefaultPlugin of DefaultPlugin [roughlyenoughitems]
[22:06:08] [main/INFO] [REI]  - (0.00) FabricFluidAPISupportPlugin
[22:06:08] [main/INFO] [REI]  - (0.00) DefaultRuntimePlugin of DefaultRuntimePlugin [roughlyenoughitems]
[22:06:08] [main/INFO] [REI]  - (0.00) ServerREIPlugin of ServerREIPlugin [farmersdelight]
[22:06:08] [main/INFO] [REI] ----------------------------------------
[22:06:08] [main/TRACE] [REI] [REIPlugin START] Reloading Section: "start-reload/"
[22:06:08] [main/TRACE] [REI] [REIPlugin START] Reloading Section: "start-reload/EntryTypeRegistryImpl/"
[22:06:08] [main/TRACE] [REI] [REIPlugin START] Reloading Section: "start-reload/EntryTypeRegistryImpl/" done in 114.9 μs
[22:06:08] [main/TRACE] [REI] [REIPlugin START] Reloading Section: "start-reload/EntrySettingsAdapterRegistryImpl/"
[22:06:08] [main/TRACE] [REI] [REIPlugin START] Reloading Section: "start-reload/EntrySettingsAdapterRegistryImpl/" done in 66.82 μs
[22:06:08] [main/TRACE] [REI] [REIPlugin START] Reloading Section: "start-reload/RecipeManagerContextImpl/"
[22:06:08] [main/TRACE] [REI] [REIPlugin START] Reloading Section: "start-reload/RecipeManagerContextImpl/" done in 83.06 μs
[22:06:08] [main/TRACE] [REI] [REIPlugin START] Reloading Section: "start-reload/ItemComparatorRegistryImpl/"
[22:06:08] [main/TRACE] [REI] [REIPlugin START] Reloading Section: "start-reload/ItemComparatorRegistryImpl/" done in 82.99 μs
[22:06:08] [main/TRACE] [REI] [REIPlugin START] Reloading Section: "start-reload/FluidComparatorRegistryImpl/"
[22:06:08] [main/TRACE] [REI] [REIPlugin START] Reloading Section: "start-reload/FluidComparatorRegistryImpl/" done in 59.94 μs
[22:06:08] [main/TRACE] [REI] [REIPlugin START] Reloading Section: "start-reload/DisplaySerializerRegistryImpl/"
[22:06:08] [main/TRACE] [REI] [REIPlugin START] Reloading Section: "start-reload/DisplaySerializerRegistryImpl/" done in 50.00 μs
[22:06:08] [main/TRACE] [REI] [REIPlugin START] Reloading Section: "start-reload/FluidSupportProviderImpl/"
[22:06:08] [main/TRACE] [REI] [REIPlugin START] Reloading Section: "start-reload/FluidSupportProviderImpl/" done in 59.70 μs
[22:06:08] [main/TRACE] [REI] [REIPlugin START] Reloading Section: "start-reload/" done in 2.778 ms
[22:06:08] [main/DEBUG] [REI] ========================================
[22:06:08] [main/DEBUG] [REI] REIPlugin started main-reload for START.
[22:06:08] [main/DEBUG] [REI] ========================================
[22:06:08] [main/TRACE] [REI] [REIPlugin START] Reloading Section: "reloadable-plugin/EntryTypeRegistryImpl/"
[22:06:08] [main/TRACE] [REI] [REIPlugin START] Reloading Section: "reloadable-plugin/EntryTypeRegistryImpl/DefaultPlugin of DefaultPlugin [roughlyenoughitems]/"
[22:06:08] [main/TRACE] [REI] [REIPlugin START] Reloading Section: "reloadable-plugin/EntryTypeRegistryImpl/DefaultPlugin of DefaultPlugin [roughlyenoughitems]/" done in 368.0 μs
[22:06:08] [main/TRACE] [REI] [REIPlugin START] Reloading Section: "reloadable-plugin/EntryTypeRegistryImpl/FabricFluidAPISupportPlugin/"
[22:06:08] [main/TRACE] [REI] [REIPlugin START] Reloading Section: "reloadable-plugin/EntryTypeRegistryImpl/FabricFluidAPISupportPlugin/" done in 74.36 μs
[22:06:08] [main/TRACE] [REI] [REIPlugin START] Reloading Section: "reloadable-plugin/EntryTypeRegistryImpl/DefaultRuntimePlugin of DefaultRuntimePlugin [roughlyenoughitems]/"
[22:06:08] [main/TRACE] [REI] [REIPlugin START] Reloading Section: "reloadable-plugin/EntryTypeRegistryImpl/DefaultRuntimePlugin of DefaultRuntimePlugin [roughlyenoughitems]/" done in 5.132 ms
[22:06:08] [main/TRACE] [REI] [REIPlugin START] Reloading Section: "reloadable-plugin/EntryTypeRegistryImpl/ServerREIPlugin of ServerREIPlugin [farmersdelight]/"
[22:06:08] [main/TRACE] [REI] [REIPlugin START] Reloading Section: "reloadable-plugin/EntryTypeRegistryImpl/ServerREIPlugin of ServerREIPlugin [farmersdelight]/" done in 51.58 μs
[22:06:08] [main/TRACE] [REI] [REIPlugin START] Reloading Section: "reloadable-plugin/EntryTypeRegistryImpl/" done in 6.739 ms
[22:06:08] [main/TRACE] [REI] [REIPlugin START] Reloading Section: "reloadable-plugin/EntrySettingsAdapterRegistryImpl/"
[22:06:08] [main/TRACE] [REI] [REIPlugin START] Reloading Section: "reloadable-plugin/EntrySettingsAdapterRegistryImpl/DefaultPlugin of DefaultPlugin [roughlyenoughitems]/"
[22:06:08] [main/TRACE] [REI] [REIPlugin START] Reloading Section: "reloadable-plugin/EntrySettingsAdapterRegistryImpl/DefaultPlugin of DefaultPlugin [roughlyenoughitems]/" done in 54.91 μs
[22:06:08] [main/TRACE] [REI] [REIPlugin START] Reloading Section: "reloadable-plugin/EntrySettingsAdapterRegistryImpl/FabricFluidAPISupportPlugin/"
[22:06:08] [main/TRACE] [REI] [REIPlugin START] Reloading Section: "reloadable-plugin/EntrySettingsAdapterRegistryImpl/FabricFluidAPISupportPlugin/" done in 52.48 μs
[22:06:08] [main/TRACE] [REI] [REIPlugin START] Reloading Section: "reloadable-plugin/EntrySettingsAdapterRegistryImpl/DefaultRuntimePlugin of DefaultRuntimePlugin [roughlyenoughitems]/"
[22:06:08] [main/TRACE] [REI] [REIPlugin START] Reloading Section: "reloadable-plugin/EntrySettingsAdapterRegistryImpl/DefaultRuntimePlugin of DefaultRuntimePlugin [roughlyenoughitems]/" done in 55.16 μs
[22:06:08] [main/TRACE] [REI] [REIPlugin START] Reloading Section: "reloadable-plugin/EntrySettingsAdapterRegistryImpl/ServerREIPlugin of ServerREIPlugin [farmersdelight]/"
[22:06:08] [main/TRACE] [REI] [REIPlugin START] Reloading Section: "reloadable-plugin/EntrySettingsAdapterRegistryImpl/ServerREIPlugin of ServerREIPlugin [farmersdelight]/" done in 50.90 μs
[22:06:08] [main/TRACE] [REI] [REIPlugin START] Reloading Section: "reloadable-plugin/EntrySettingsAdapterRegistryImpl/" done in 643.5 μs
[22:06:08] [main/TRACE] [REI] [REIPlugin START] Reloading Section: "reloadable-plugin/RecipeManagerContextImpl/"
[22:06:08] [main/TRACE] [REI] [REIPlugin START] Reloading Section: "reloadable-plugin/RecipeManagerContextImpl/DefaultPlugin of DefaultPlugin [roughlyenoughitems]/"
[22:06:08] [main/TRACE] [REI] [REIPlugin START] Reloading Section: "reloadable-plugin/RecipeManagerContextImpl/DefaultPlugin of DefaultPlugin [roughlyenoughitems]/" done in 49.96 μs
[22:06:08] [main/TRACE] [REI] [REIPlugin START] Reloading Section: "reloadable-plugin/RecipeManagerContextImpl/FabricFluidAPISupportPlugin/"
[22:06:08] [main/TRACE] [REI] [REIPlugin START] Reloading Section: "reloadable-plugin/RecipeManagerContextImpl/FabricFluidAPISupportPlugin/" done in 51.91 μs
[22:06:08] [main/TRACE] [REI] [REIPlugin START] Reloading Section: "reloadable-plugin/RecipeManagerContextImpl/DefaultRuntimePlugin of DefaultRuntimePlugin [roughlyenoughitems]/"
[22:06:08] [main/TRACE] [REI] [REIPlugin START] Reloading Section: "reloadable-plugin/RecipeManagerContextImpl/DefaultRuntimePlugin of DefaultRuntimePlugin [roughlyenoughitems]/" done in 51.36 μs
[22:06:08] [main/TRACE] [REI] [REIPlugin START] Reloading Section: "reloadable-plugin/RecipeManagerContextImpl/ServerREIPlugin of ServerREIPlugin [farmersdelight]/"
[22:06:08] [main/TRACE] [REI] [REIPlugin START] Reloading Section: "reloadable-plugin/RecipeManagerContextImpl/ServerREIPlugin of ServerREIPlugin [farmersdelight]/" done in 45.04 μs
[22:06:08] [main/TRACE] [REI] [REIPlugin START] Reloading Section: "reloadable-plugin/RecipeManagerContextImpl/" done in 649.1 μs
[22:06:08] [main/TRACE] [REI] [REIPlugin START] Reloading Section: "reloadable-plugin/ItemComparatorRegistryImpl/"
[22:06:08] [main/TRACE] [REI] [REIPlugin START] Reloading Section: "reloadable-plugin/ItemComparatorRegistryImpl/DefaultPlugin of DefaultPlugin [roughlyenoughitems]/"
[22:06:08] [main/TRACE] [REI] [REIPlugin START] Reloading Section: "reloadable-plugin/ItemComparatorRegistryImpl/DefaultPlugin of DefaultPlugin [roughlyenoughitems]/" done in 803.5 μs
[22:06:08] [main/TRACE] [REI] [REIPlugin START] Reloading Section: "reloadable-plugin/ItemComparatorRegistryImpl/FabricFluidAPISupportPlugin/"
[22:06:08] [main/TRACE] [REI] [REIPlugin START] Reloading Section: "reloadable-plugin/ItemComparatorRegistryImpl/FabricFluidAPISupportPlugin/" done in 54.28 μs
[22:06:08] [main/TRACE] [REI] [REIPlugin START] Reloading Section: "reloadable-plugin/ItemComparatorRegistryImpl/DefaultRuntimePlugin of DefaultRuntimePlugin [roughlyenoughitems]/"
[22:06:08] [main/TRACE] [REI] [REIPlugin START] Reloading Section: "reloadable-plugin/ItemComparatorRegistryImpl/DefaultRuntimePlugin of DefaultRuntimePlugin [roughlyenoughitems]/" done in 33.96 μs
[22:06:08] [main/TRACE] [REI] [REIPlugin START] Reloading Section: "reloadable-plugin/ItemComparatorRegistryImpl/ServerREIPlugin of ServerREIPlugin [farmersdelight]/"
[22:06:08] [main/TRACE] [REI] [REIPlugin START] Reloading Section: "reloadable-plugin/ItemComparatorRegistryImpl/ServerREIPlugin of ServerREIPlugin [farmersdelight]/" done in 47.10 μs
[22:06:08] [main/TRACE] [REI] [REIPlugin START] Reloading Section: "reloadable-plugin/ItemComparatorRegistryImpl/" done in 1.325 ms
[22:06:08] [main/TRACE] [REI] [REIPlugin START] Reloading Section: "reloadable-plugin/FluidComparatorRegistryImpl/"
[22:06:08] [main/TRACE] [REI] [REIPlugin START] Reloading Section: "reloadable-plugin/FluidComparatorRegistryImpl/DefaultPlugin of DefaultPlugin [roughlyenoughitems]/"
[22:06:08] [main/TRACE] [REI] [REIPlugin START] Reloading Section: "reloadable-plugin/FluidComparatorRegistryImpl/DefaultPlugin of DefaultPlugin [roughlyenoughitems]/" done in 54.09 μs
[22:06:08] [main/TRACE] [REI] [REIPlugin START] Reloading Section: "reloadable-plugin/FluidComparatorRegistryImpl/FabricFluidAPISupportPlugin/"
[22:06:08] [main/TRACE] [REI] [REIPlugin START] Reloading Section: "reloadable-plugin/FluidComparatorRegistryImpl/FabricFluidAPISupportPlugin/" done in 72.95 μs
[22:06:08] [main/TRACE] [REI] [REIPlugin START] Reloading Section: "reloadable-plugin/FluidComparatorRegistryImpl/DefaultRuntimePlugin of DefaultRuntimePlugin [roughlyenoughitems]/"
[22:06:08] [main/TRACE] [REI] [REIPlugin START] Reloading Section: "reloadable-plugin/FluidComparatorRegistryImpl/DefaultRuntimePlugin of DefaultRuntimePlugin [roughlyenoughitems]/" done in 68.41 μs
[22:06:08] [main/TRACE] [REI] [REIPlugin START] Reloading Section: "reloadable-plugin/FluidComparatorRegistryImpl/ServerREIPlugin of ServerREIPlugin [farmersdelight]/"
[22:06:08] [main/TRACE] [REI] [REIPlugin START] Reloading Section: "reloadable-plugin/FluidComparatorRegistryImpl/ServerREIPlugin of ServerREIPlugin [farmersdelight]/" done in 50.59 μs
[22:06:08] [main/TRACE] [REI] [REIPlugin START] Reloading Section: "reloadable-plugin/FluidComparatorRegistryImpl/" done in 733.1 μs
[22:06:08] [main/TRACE] [REI] [REIPlugin START] Reloading Section: "reloadable-plugin/DisplaySerializerRegistryImpl/"
[22:06:08] [main/TRACE] [REI] [REIPlugin START] Reloading Section: "reloadable-plugin/DisplaySerializerRegistryImpl/DefaultPlugin of DefaultPlugin [roughlyenoughitems]/"
[22:06:08] [main/TRACE] [REI] [REIPlugin START] Reloading Section: "reloadable-plugin/DisplaySerializerRegistryImpl/DefaultPlugin of DefaultPlugin [roughlyenoughitems]/" done in 55.47 μs
[22:06:08] [main/TRACE] [REI] [REIPlugin START] Reloading Section: "reloadable-plugin/DisplaySerializerRegistryImpl/FabricFluidAPISupportPlugin/"
[22:06:08] [main/TRACE] [REI] [REIPlugin START] Reloading Section: "reloadable-plugin/DisplaySerializerRegistryImpl/FabricFluidAPISupportPlugin/" done in 54.93 μs
[22:06:08] [main/TRACE] [REI] [REIPlugin START] Reloading Section: "reloadable-plugin/DisplaySerializerRegistryImpl/DefaultRuntimePlugin of DefaultRuntimePlugin [roughlyenoughitems]/"
[22:06:08] [main/TRACE] [REI] [REIPlugin START] Reloading Section: "reloadable-plugin/DisplaySerializerRegistryImpl/DefaultRuntimePlugin of DefaultRuntimePlugin [roughlyenoughitems]/" done in 41.69 μs
[22:06:08] [main/TRACE] [REI] [REIPlugin START] Reloading Section: "reloadable-plugin/DisplaySerializerRegistryImpl/ServerREIPlugin of ServerREIPlugin [farmersdelight]/"
[22:06:08] [main/TRACE] [REI] [REIPlugin START] Reloading Section: "reloadable-plugin/DisplaySerializerRegistryImpl/ServerREIPlugin of ServerREIPlugin [farmersdelight]/" done in 37.01 μs
[22:06:08] [main/TRACE] [REI] [REIPlugin START] Reloading Section: "reloadable-plugin/DisplaySerializerRegistryImpl/" done in 605.4 μs
[22:06:08] [main/TRACE] [REI] [REIPlugin START] Reloading Section: "reloadable-plugin/FluidSupportProviderImpl/"
[22:06:08] [main/TRACE] [REI] [REIPlugin START] Reloading Section: "reloadable-plugin/FluidSupportProviderImpl/DefaultPlugin of DefaultPlugin [roughlyenoughitems]/"
[22:06:08] [main/TRACE] [REI] [REIPlugin START] Reloading Section: "reloadable-plugin/FluidSupportProviderImpl/DefaultPlugin of DefaultPlugin [roughlyenoughitems]/" done in 527.1 μs
[22:06:08] [main/TRACE] [REI] [REIPlugin START] Reloading Section: "reloadable-plugin/FluidSupportProviderImpl/FabricFluidAPISupportPlugin/"
[22:06:08] [main/TRACE] [REI] [REIPlugin START] Reloading Section: "reloadable-plugin/FluidSupportProviderImpl/FabricFluidAPISupportPlugin/" done in 197.0 μs
[22:06:08] [main/TRACE] [REI] [REIPlugin START] Reloading Section: "reloadable-plugin/FluidSupportProviderImpl/DefaultRuntimePlugin of DefaultRuntimePlugin [roughlyenoughitems]/"
[22:06:08] [main/TRACE] [REI] [REIPlugin START] Reloading Section: "reloadable-plugin/FluidSupportProviderImpl/DefaultRuntimePlugin of DefaultRuntimePlugin [roughlyenoughitems]/" done in 47.46 μs
[22:06:08] [main/TRACE] [REI] [REIPlugin START] Reloading Section: "reloadable-plugin/FluidSupportProviderImpl/ServerREIPlugin of ServerREIPlugin [farmersdelight]/"
[22:06:08] [main/TRACE] [REI] [REIPlugin START] Reloading Section: "reloadable-plugin/FluidSupportProviderImpl/ServerREIPlugin of ServerREIPlugin [farmersdelight]/" done in 37.07 μs
[22:06:08] [main/TRACE] [REI] [REIPlugin START] Reloading Section: "reloadable-plugin/FluidSupportProviderImpl/" done in 1.270 ms
[22:06:08] [main/DEBUG] [REI] ========================================
[22:06:08] [main/DEBUG] [REI] REIPlugin ending main-reload for START.
[22:06:08] [main/DEBUG] [REI] ========================================
[22:06:08] [main/TRACE] [REI] [REIPlugin START] Reloading Section: "end-reload/"
[22:06:08] [main/TRACE] [REI] [REIPlugin START] Reloading Section: "end-reload/EntryTypeRegistryImpl/"
[22:06:08] [main/TRACE] [REI] [REIPlugin START] Reloading Section: "end-reload/EntryTypeRegistryImpl/" done in 47.53 μs
[22:06:08] [main/TRACE] [REI] [REIPlugin START] Reloading Section: "end-reload/EntrySettingsAdapterRegistryImpl/"
[22:06:08] [main/TRACE] [REI] [REIPlugin START] Reloading Section: "end-reload/EntrySettingsAdapterRegistryImpl/" done in 37.72 μs
[22:06:08] [main/TRACE] [REI] [REIPlugin START] Reloading Section: "end-reload/RecipeManagerContextImpl/"
[22:06:08] [main/TRACE] [REI] [REIPlugin START] Reloading Section: "end-reload/RecipeManagerContextImpl/" done in 36.59 μs
[22:06:08] [main/TRACE] [REI] [REIPlugin START] Reloading Section: "end-reload/ItemComparatorRegistryImpl/"
[22:06:08] [main/TRACE] [REI] [REIPlugin START] Reloading Section: "end-reload/ItemComparatorRegistryImpl/" done in 36.36 μs
[22:06:08] [main/TRACE] [REI] [REIPlugin START] Reloading Section: "end-reload/FluidComparatorRegistryImpl/"
[22:06:08] [main/TRACE] [REI] [REIPlugin START] Reloading Section: "end-reload/FluidComparatorRegistryImpl/" done in 34.77 μs
[22:06:08] [main/TRACE] [REI] [REIPlugin START] Reloading Section: "end-reload/DisplaySerializerRegistryImpl/"
[22:06:08] [main/TRACE] [REI] [REIPlugin START] Reloading Section: "end-reload/DisplaySerializerRegistryImpl/" done in 36.46 μs
[22:06:08] [main/TRACE] [REI] [REIPlugin START] Reloading Section: "end-reload/FluidSupportProviderImpl/"
[22:06:08] [main/TRACE] [REI] [REIPlugin START] Reloading Section: "end-reload/FluidSupportProviderImpl/" done in 33.50 μs
[22:06:08] [main/TRACE] [REI] [REIPlugin START] Reloading Section: "end-reload/" done in 858.0 μs
[22:06:08] [main/DEBUG] [REI] ========================================
[22:06:08] [main/DEBUG] [REI] REIPlugin ended main-reload for START in 20.34 ms.
[22:06:08] [main/DEBUG] [REI] ========================================
[22:06:08] [main/INFO] [REI] OOOOOOOOOOOOOOOOOOOOOOOOOOOOOOOOOOOOOOOO
[22:06:08] [main/INFO] [REI] REIServerPlugin starting main-reload for START.
[22:06:08] [main/DEBUG] [REI] Reloadables (2):
[22:06:08] [main/DEBUG] [REI]  - MenuInfoRegistryImpl
[22:06:08] [main/DEBUG] [REI]  - SlotAccessorRegistryImpl
[22:06:08] [main/INFO] [REI] Plugins (4):
[22:06:08] [main/INFO] [REI]  - (-100.00) DefaultPlugin of DefaultPlugin [roughlyenoughitems]
[22:06:08] [main/INFO] [REI]  - (0.00) FabricFluidAPISupportPlugin
[22:06:08] [main/INFO] [REI]  - (0.00) DefaultRuntimePlugin of DefaultRuntimePlugin [roughlyenoughitems]
[22:06:08] [main/INFO] [REI]  - (0.00) ServerREIPlugin of ServerREIPlugin [farmersdelight]
[22:06:08] [main/INFO] [REI] OOOOOOOOOOOOOOOOOOOOOOOOOOOOOOOOOOOOOOOO
[22:06:08] [main/TRACE] [REI] [REIServerPlugin START] Reloading Section: "start-reload/"
[22:06:08] [main/TRACE] [REI] [REIServerPlugin START] Reloading Section: "start-reload/MenuInfoRegistryImpl/"
[22:06:08] [main/TRACE] [REI] [REIServerPlugin START] Reloading Section: "start-reload/MenuInfoRegistryImpl/" done in 39.50 μs
[22:06:08] [main/TRACE] [REI] [REIServerPlugin START] Reloading Section: "start-reload/SlotAccessorRegistryImpl/"
[22:06:08] [main/TRACE] [REI] [REIServerPlugin START] Reloading Section: "start-reload/SlotAccessorRegistryImpl/" done in 39.51 μs
[22:06:08] [main/TRACE] [REI] [REIServerPlugin START] Reloading Section: "start-reload/" done in 312.2 μs
[22:06:08] [main/DEBUG] [REI] ========================================
[22:06:08] [main/DEBUG] [REI] REIServerPlugin started main-reload for START.
[22:06:08] [main/DEBUG] [REI] ========================================
[22:06:08] [main/TRACE] [REI] [REIServerPlugin START] Reloading Section: "reloadable-plugin/MenuInfoRegistryImpl/"
[22:06:08] [main/TRACE] [REI] [REIServerPlugin START] Reloading Section: "reloadable-plugin/MenuInfoRegistryImpl/DefaultPlugin of DefaultPlugin [roughlyenoughitems]/"
[22:06:08] [main/TRACE] [REI] [REIServerPlugin START] Reloading Section: "reloadable-plugin/MenuInfoRegistryImpl/DefaultPlugin of DefaultPlugin [roughlyenoughitems]/" done in 42.50 μs
[22:06:08] [main/TRACE] [REI] [REIServerPlugin START] Reloading Section: "reloadable-plugin/MenuInfoRegistryImpl/FabricFluidAPISupportPlugin/"
[22:06:08] [main/TRACE] [REI] [REIServerPlugin START] Reloading Section: "reloadable-plugin/MenuInfoRegistryImpl/FabricFluidAPISupportPlugin/" done in 84.47 μs
[22:06:08] [main/TRACE] [REI] [REIServerPlugin START] Reloading Section: "reloadable-plugin/MenuInfoRegistryImpl/DefaultRuntimePlugin of DefaultRuntimePlugin [roughlyenoughitems]/"
[22:06:08] [main/TRACE] [REI] [REIServerPlugin START] Reloading Section: "reloadable-plugin/MenuInfoRegistryImpl/DefaultRuntimePlugin of DefaultRuntimePlugin [roughlyenoughitems]/" done in 53.04 μs
[22:06:08] [main/TRACE] [REI] [REIServerPlugin START] Reloading Section: "reloadable-plugin/MenuInfoRegistryImpl/ServerREIPlugin of ServerREIPlugin [farmersdelight]/"
[22:06:08] [main/TRACE] [REI] [REIServerPlugin START] Reloading Section: "reloadable-plugin/MenuInfoRegistryImpl/ServerREIPlugin of ServerREIPlugin [farmersdelight]/" done in 43.83 μs
[22:06:08] [main/TRACE] [REI] [REIServerPlugin START] Reloading Section: "reloadable-plugin/MenuInfoRegistryImpl/" done in 631.3 μs
[22:06:08] [main/TRACE] [REI] [REIServerPlugin START] Reloading Section: "reloadable-plugin/SlotAccessorRegistryImpl/"
[22:06:08] [main/TRACE] [REI] [REIServerPlugin START] Reloading Section: "reloadable-plugin/SlotAccessorRegistryImpl/DefaultPlugin of DefaultPlugin [roughlyenoughitems]/"
[22:06:08] [main/TRACE] [REI] [REIServerPlugin START] Reloading Section: "reloadable-plugin/SlotAccessorRegistryImpl/DefaultPlugin of DefaultPlugin [roughlyenoughitems]/" done in 55.81 μs
[22:06:08] [main/TRACE] [REI] [REIServerPlugin START] Reloading Section: "reloadable-plugin/SlotAccessorRegistryImpl/FabricFluidAPISupportPlugin/"
[22:06:08] [main/TRACE] [REI] [REIServerPlugin START] Reloading Section: "reloadable-plugin/SlotAccessorRegistryImpl/FabricFluidAPISupportPlugin/" done in 41.62 μs
[22:06:08] [main/TRACE] [REI] [REIServerPlugin START] Reloading Section: "reloadable-plugin/SlotAccessorRegistryImpl/DefaultRuntimePlugin of DefaultRuntimePlugin [roughlyenoughitems]/"
[22:06:08] [main/TRACE] [REI] [REIServerPlugin START] Reloading Section: "reloadable-plugin/SlotAccessorRegistryImpl/DefaultRuntimePlugin of DefaultRuntimePlugin [roughlyenoughitems]/" done in 41.42 μs
[22:06:08] [main/TRACE] [REI] [REIServerPlugin START] Reloading Section: "reloadable-plugin/SlotAccessorRegistryImpl/ServerREIPlugin of ServerREIPlugin [farmersdelight]/"
[22:06:08] [main/TRACE] [REI] [REIServerPlugin START] Reloading Section: "reloadable-plugin/SlotAccessorRegistryImpl/ServerREIPlugin of ServerREIPlugin [farmersdelight]/" done in 45.52 μs
[22:06:08] [main/TRACE] [REI] [REIServerPlugin START] Reloading Section: "reloadable-plugin/SlotAccessorRegistryImpl/" done in 588.8 μs
[22:06:08] [main/DEBUG] [REI] ========================================
[22:06:08] [main/DEBUG] [REI] REIServerPlugin ending main-reload for START.
[22:06:08] [main/DEBUG] [REI] ========================================
[22:06:08] [main/TRACE] [REI] [REIServerPlugin START] Reloading Section: "end-reload/"
[22:06:08] [main/TRACE] [REI] [REIServerPlugin START] Reloading Section: "end-reload/MenuInfoRegistryImpl/"
[22:06:08] [main/TRACE] [REI] [REIServerPlugin START] Reloading Section: "end-reload/MenuInfoRegistryImpl/" done in 35.19 μs
[22:06:08] [main/TRACE] [REI] [REIServerPlugin START] Reloading Section: "end-reload/SlotAccessorRegistryImpl/"
[22:06:08] [main/TRACE] [REI] [REIServerPlugin START] Reloading Section: "end-reload/SlotAccessorRegistryImpl/" done in 40.81 μs
[22:06:08] [main/TRACE] [REI] [REIServerPlugin START] Reloading Section: "end-reload/" done in 277.2 μs
[22:06:08] [main/DEBUG] [REI] ========================================
[22:06:08] [main/DEBUG] [REI] REIServerPlugin ended main-reload for START in 4.260 ms.
[22:06:08] [main/DEBUG] [REI] ========================================
[22:06:08] [main/DEBUG] [REI] ========================================
[22:06:08] [main/DEBUG] [REI] REIPlugin starting post-reload for START.
[22:06:08] [main/DEBUG] [REI] Reloadables (7):
[22:06:08] [main/DEBUG] [REI]  - EntryTypeRegistryImpl
[22:06:08] [main/DEBUG] [REI]  - EntrySettingsAdapterRegistryImpl
[22:06:08] [main/DEBUG] [REI]  - RecipeManagerContextImpl
[22:06:08] [main/DEBUG] [REI]  - ItemComparatorRegistryImpl
[22:06:08] [main/DEBUG] [REI]  - FluidComparatorRegistryImpl
[22:06:08] [main/DEBUG] [REI]  - DisplaySerializerRegistryImpl
[22:06:08] [main/DEBUG] [REI]  - FluidSupportProviderImpl
[22:06:08] [main/DEBUG] [REI] Plugins (4):
[22:06:08] [main/DEBUG] [REI]  - (-100.00) DefaultPlugin of DefaultPlugin [roughlyenoughitems]
[22:06:08] [main/DEBUG] [REI]  - (0.00) FabricFluidAPISupportPlugin
[22:06:08] [main/DEBUG] [REI]  - (0.00) DefaultRuntimePlugin of DefaultRuntimePlugin [roughlyenoughitems]
[22:06:08] [main/DEBUG] [REI]  - (0.00) ServerREIPlugin of ServerREIPlugin [farmersdelight]
[22:06:08] [main/DEBUG] [REI] ========================================
[22:06:08] [main/TRACE] [REI] [REIPlugin START] Reloading Section: "post-register/"
[22:06:08] [main/TRACE] [REI] [REIPlugin START] Reloading Section: "post-register/DefaultPlugin of DefaultPlugin [roughlyenoughitems]/"
[22:06:08] [main/TRACE] [REI] [REIPlugin START] Reloading Section: "post-register/DefaultPlugin of DefaultPlugin [roughlyenoughitems]/" done in 313.8 μs
[22:06:08] [main/TRACE] [REI] [REIPlugin START] Reloading Section: "post-register/FabricFluidAPISupportPlugin/"
[22:06:08] [main/TRACE] [REI] [REIPlugin START] Reloading Section: "post-register/FabricFluidAPISupportPlugin/" done in 55.66 μs
[22:06:08] [main/TRACE] [REI] [REIPlugin START] Reloading Section: "post-register/DefaultRuntimePlugin of DefaultRuntimePlugin [roughlyenoughitems]/"
[22:06:08] [main/TRACE] [REI] [REIPlugin START] Reloading Section: "post-register/DefaultRuntimePlugin of DefaultRuntimePlugin [roughlyenoughitems]/" done in 120.8 μs
[22:06:08] [main/TRACE] [REI] [REIPlugin START] Reloading Section: "post-register/ServerREIPlugin of ServerREIPlugin [farmersdelight]/"
[22:06:08] [main/TRACE] [REI] [REIPlugin START] Reloading Section: "post-register/ServerREIPlugin of ServerREIPlugin [farmersdelight]/" done in 147.2 μs
[22:06:08] [main/TRACE] [REI] [REIPlugin START] Reloading Section: "post-register/" done in 1.740 ms
[22:06:08] [main/TRACE] [REI] [REIPlugin START] Reloading Section: "post-stage/"
[22:06:08] [main/TRACE] [REI] [REIPlugin START] Reloading Section: "post-stage/EntryTypeRegistryImpl/"
[22:06:08] [main/TRACE] [REI] [REIPlugin START] Reloading Section: "post-stage/EntryTypeRegistryImpl/" done in 163.0 μs
[22:06:08] [main/TRACE] [REI] [REIPlugin START] Reloading Section: "post-stage/EntrySettingsAdapterRegistryImpl/"
[22:06:08] [main/TRACE] [REI] [REIPlugin START] Reloading Section: "post-stage/EntrySettingsAdapterRegistryImpl/" done in 59.11 μs
[22:06:08] [main/TRACE] [REI] [REIPlugin START] Reloading Section: "post-stage/RecipeManagerContextImpl/"
[22:06:08] [main/TRACE] [REI] [REIPlugin START] Reloading Section: "post-stage/RecipeManagerContextImpl/" done in 48.04 μs
[22:06:08] [main/TRACE] [REI] [REIPlugin START] Reloading Section: "post-stage/ItemComparatorRegistryImpl/"
[22:06:08] [main/TRACE] [REI] [REIPlugin START] Reloading Section: "post-stage/ItemComparatorRegistryImpl/" done in 46.00 μs
[22:06:08] [main/TRACE] [REI] [REIPlugin START] Reloading Section: "post-stage/FluidComparatorRegistryImpl/"
[22:06:08] [main/TRACE] [REI] [REIPlugin START] Reloading Section: "post-stage/FluidComparatorRegistryImpl/" done in 124.7 μs
[22:06:08] [main/TRACE] [REI] [REIPlugin START] Reloading Section: "post-stage/DisplaySerializerRegistryImpl/"
[22:06:08] [main/TRACE] [REI] [REIPlugin START] Reloading Section: "post-stage/DisplaySerializerRegistryImpl/" done in 142.2 μs
[22:06:08] [main/TRACE] [REI] [REIPlugin START] Reloading Section: "post-stage/FluidSupportProviderImpl/"
[22:06:08] [main/TRACE] [REI] [REIPlugin START] Reloading Section: "post-stage/FluidSupportProviderImpl/" done in 61.16 μs
[22:06:08] [main/TRACE] [REI] [REIPlugin START] Reloading Section: "post-stage/" done in 2.636 ms
[22:06:08] [main/DEBUG] [REI] ========================================
[22:06:08] [main/INFO] [REI] REIPlugin finished post-reload for START in 4.595 ms, totaling 39.68 ms.
[22:06:08] [main/DEBUG] [REI] ========================================
[22:06:08] [main/DEBUG] [REI] ========================================
[22:06:08] [main/DEBUG] [REI] REIServerPlugin starting post-reload for START.
[22:06:08] [main/DEBUG] [REI] Reloadables (2):
[22:06:08] [main/DEBUG] [REI]  - MenuInfoRegistryImpl
[22:06:08] [main/DEBUG] [REI]  - SlotAccessorRegistryImpl
[22:06:08] [main/DEBUG] [REI] Plugins (4):
[22:06:08] [main/DEBUG] [REI]  - (-100.00) DefaultPlugin of DefaultPlugin [roughlyenoughitems]
[22:06:08] [main/DEBUG] [REI]  - (0.00) FabricFluidAPISupportPlugin
[22:06:08] [main/DEBUG] [REI]  - (0.00) DefaultRuntimePlugin of DefaultRuntimePlugin [roughlyenoughitems]
[22:06:08] [main/DEBUG] [REI]  - (0.00) ServerREIPlugin of ServerREIPlugin [farmersdelight]
[22:06:08] [main/DEBUG] [REI] ========================================
[22:06:08] [main/TRACE] [REI] [REIServerPlugin START] Reloading Section: "post-register/"
[22:06:08] [main/TRACE] [REI] [REIServerPlugin START] Reloading Section: "post-register/DefaultPlugin of DefaultPlugin [roughlyenoughitems]/"
[22:06:08] [main/TRACE] [REI] [REIServerPlugin START] Reloading Section: "post-register/DefaultPlugin of DefaultPlugin [roughlyenoughitems]/" done in 29.26 μs
[22:06:08] [main/TRACE] [REI] [REIServerPlugin START] Reloading Section: "post-register/FabricFluidAPISupportPlugin/"
[22:06:08] [main/TRACE] [REI] [REIServerPlugin START] Reloading Section: "post-register/FabricFluidAPISupportPlugin/" done in 23.95 μs
[22:06:08] [main/TRACE] [REI] [REIServerPlugin START] Reloading Section: "post-register/DefaultRuntimePlugin of DefaultRuntimePlugin [roughlyenoughitems]/"
[22:06:08] [main/TRACE] [REI] [REIServerPlugin START] Reloading Section: "post-register/DefaultRuntimePlugin of DefaultRuntimePlugin [roughlyenoughitems]/" done in 25.31 μs
[22:06:08] [main/TRACE] [REI] [REIServerPlugin START] Reloading Section: "post-register/ServerREIPlugin of ServerREIPlugin [farmersdelight]/"
[22:06:08] [main/TRACE] [REI] [REIServerPlugin START] Reloading Section: "post-register/ServerREIPlugin of ServerREIPlugin [farmersdelight]/" done in 24.85 μs
[22:06:08] [main/TRACE] [REI] [REIServerPlugin START] Reloading Section: "post-register/" done in 347.8 μs
[22:06:08] [main/TRACE] [REI] [REIServerPlugin START] Reloading Section: "post-stage/"
[22:06:08] [main/TRACE] [REI] [REIServerPlugin START] Reloading Section: "post-stage/MenuInfoRegistryImpl/"
[22:06:08] [main/TRACE] [REI] [REIServerPlugin START] Reloading Section: "post-stage/MenuInfoRegistryImpl/" done in 23.36 μs
[22:06:08] [main/TRACE] [REI] [REIServerPlugin START] Reloading Section: "post-stage/SlotAccessorRegistryImpl/"
[22:06:08] [main/TRACE] [REI] [REIServerPlugin START] Reloading Section: "post-stage/SlotAccessorRegistryImpl/" done in 20.22 μs
[22:06:08] [main/TRACE] [REI] [REIServerPlugin START] Reloading Section: "post-stage/" done in 176.6 μs
[22:06:08] [main/DEBUG] [REI] ========================================
[22:06:08] [main/INFO] [REI] REIServerPlugin finished post-reload for START in 618.8 μs, totaling 6.697 ms.
[22:06:08] [main/DEBUG] [REI] ========================================
[22:06:08] [main/DEBUG] [REI] ========================================
[22:06:08] [main/DEBUG] [REI] REIPlugin starting pre-reload for END.
[22:06:08] [main/DEBUG] [REI] Reloadables (7):
[22:06:08] [main/DEBUG] [REI]  - EntryTypeRegistryImpl
[22:06:08] [main/DEBUG] [REI]  - EntrySettingsAdapterRegistryImpl
[22:06:08] [main/DEBUG] [REI]  - RecipeManagerContextImpl
[22:06:08] [main/DEBUG] [REI]  - ItemComparatorRegistryImpl
[22:06:08] [main/DEBUG] [REI]  - FluidComparatorRegistryImpl
[22:06:08] [main/DEBUG] [REI]  - DisplaySerializerRegistryImpl
[22:06:08] [main/DEBUG] [REI]  - FluidSupportProviderImpl
[22:06:08] [main/DEBUG] [REI] Plugins (4):
[22:06:08] [main/DEBUG] [REI]  - (-100.00) DefaultPlugin of DefaultPlugin [roughlyenoughitems]
[22:06:08] [main/DEBUG] [REI]  - (0.00) FabricFluidAPISupportPlugin
[22:06:08] [main/DEBUG] [REI]  - (0.00) DefaultRuntimePlugin of DefaultRuntimePlugin [roughlyenoughitems]
[22:06:08] [main/DEBUG] [REI]  - (0.00) ServerREIPlugin of ServerREIPlugin [farmersdelight]
[22:06:08] [main/DEBUG] [REI] ========================================
[22:06:08] [main/TRACE] [REI] [REIPlugin END] Reloading Section: "pre-register/"
[22:06:08] [main/TRACE] [REI] [REIPlugin END] Reloading Section: "pre-register/DefaultPlugin of DefaultPlugin [roughlyenoughitems]/"
[22:06:08] [main/TRACE] [REI] [REIPlugin END] Reloading Section: "pre-register/DefaultPlugin of DefaultPlugin [roughlyenoughitems]/" done in 40.68 μs
[22:06:08] [main/TRACE] [REI] [REIPlugin END] Reloading Section: "pre-register/FabricFluidAPISupportPlugin/"
[22:06:08] [main/TRACE] [REI] [REIPlugin END] Reloading Section: "pre-register/FabricFluidAPISupportPlugin/" done in 32.88 μs
[22:06:08] [main/TRACE] [REI] [REIPlugin END] Reloading Section: "pre-register/DefaultRuntimePlugin of DefaultRuntimePlugin [roughlyenoughitems]/"
[22:06:08] [main/TRACE] [REI] [REIPlugin END] Reloading Section: "pre-register/DefaultRuntimePlugin of DefaultRuntimePlugin [roughlyenoughitems]/" done in 32.20 μs
[22:06:08] [main/TRACE] [REI] [REIPlugin END] Reloading Section: "pre-register/ServerREIPlugin of ServerREIPlugin [farmersdelight]/"
[22:06:08] [main/TRACE] [REI] [REIPlugin END] Reloading Section: "pre-register/ServerREIPlugin of ServerREIPlugin [farmersdelight]/" done in 28.87 μs
[22:06:08] [main/TRACE] [REI] [REIPlugin END] Reloading Section: "pre-register/" done in 525.2 μs
[22:06:08] [main/TRACE] [REI] [REIPlugin END] Reloading Section: "pre-stage/"
[22:06:08] [main/TRACE] [REI] [REIPlugin END] Reloading Section: "pre-stage/EntryTypeRegistryImpl/"
[22:06:08] [main/TRACE] [REI] [REIPlugin END] Reloading Section: "pre-stage/EntryTypeRegistryImpl/" done in 43.30 μs
[22:06:08] [main/TRACE] [REI] [REIPlugin END] Reloading Section: "pre-stage/EntrySettingsAdapterRegistryImpl/"
[22:06:08] [main/TRACE] [REI] [REIPlugin END] Reloading Section: "pre-stage/EntrySettingsAdapterRegistryImpl/" done in 44.18 μs
[22:06:08] [main/TRACE] [REI] [REIPlugin END] Reloading Section: "pre-stage/RecipeManagerContextImpl/"
[22:06:08] [main/TRACE] [REI] [REIPlugin END] Reloading Section: "pre-stage/RecipeManagerContextImpl/" done in 38.60 μs
[22:06:08] [main/TRACE] [REI] [REIPlugin END] Reloading Section: "pre-stage/ItemComparatorRegistryImpl/"
[22:06:08] [main/TRACE] [REI] [REIPlugin END] Reloading Section: "pre-stage/ItemComparatorRegistryImpl/" done in 37.94 μs
[22:06:08] [main/TRACE] [REI] [REIPlugin END] Reloading Section: "pre-stage/FluidComparatorRegistryImpl/"
[22:06:08] [main/TRACE] [REI] [REIPlugin END] Reloading Section: "pre-stage/FluidComparatorRegistryImpl/" done in 44.71 μs
[22:06:08] [main/TRACE] [REI] [REIPlugin END] Reloading Section: "pre-stage/DisplaySerializerRegistryImpl/"
[22:06:08] [main/TRACE] [REI] [REIPlugin END] Reloading Section: "pre-stage/DisplaySerializerRegistryImpl/" done in 48.89 μs
[22:06:08] [main/TRACE] [REI] [REIPlugin END] Reloading Section: "pre-stage/FluidSupportProviderImpl/"
[22:06:08] [main/TRACE] [REI] [REIPlugin END] Reloading Section: "pre-stage/FluidSupportProviderImpl/" done in 61.48 μs
[22:06:08] [main/TRACE] [REI] [REIPlugin END] Reloading Section: "pre-stage/" done in 926.8 μs
[22:06:08] [main/DEBUG] [REI] ========================================
[22:06:08] [main/DEBUG] [REI] REIPlugin finished pre-reload for END in 1.626 ms.
[22:06:08] [main/DEBUG] [REI] ========================================
[22:06:08] [main/DEBUG] [REI] ========================================
[22:06:08] [main/DEBUG] [REI] REIServerPlugin starting pre-reload for END.
[22:06:08] [main/DEBUG] [REI] Reloadables (2):
[22:06:08] [main/DEBUG] [REI]  - MenuInfoRegistryImpl
[22:06:08] [main/DEBUG] [REI]  - SlotAccessorRegistryImpl
[22:06:08] [main/DEBUG] [REI] Plugins (4):
[22:06:08] [main/DEBUG] [REI]  - (-100.00) DefaultPlugin of DefaultPlugin [roughlyenoughitems]
[22:06:08] [main/DEBUG] [REI]  - (0.00) FabricFluidAPISupportPlugin
[22:06:08] [main/DEBUG] [REI]  - (0.00) DefaultRuntimePlugin of DefaultRuntimePlugin [roughlyenoughitems]
[22:06:08] [main/DEBUG] [REI]  - (0.00) ServerREIPlugin of ServerREIPlugin [farmersdelight]
[22:06:08] [main/DEBUG] [REI] ========================================
[22:06:08] [main/TRACE] [REI] [REIServerPlugin END] Reloading Section: "pre-register/"
[22:06:08] [main/TRACE] [REI] [REIServerPlugin END] Reloading Section: "pre-register/DefaultPlugin of DefaultPlugin [roughlyenoughitems]/"
[22:06:08] [main/TRACE] [REI] [REIServerPlugin END] Reloading Section: "pre-register/DefaultPlugin of DefaultPlugin [roughlyenoughitems]/" done in 62.96 μs
[22:06:08] [main/TRACE] [REI] [REIServerPlugin END] Reloading Section: "pre-register/FabricFluidAPISupportPlugin/"
[22:06:08] [main/TRACE] [REI] [REIServerPlugin END] Reloading Section: "pre-register/FabricFluidAPISupportPlugin/" done in 46.80 μs
[22:06:08] [main/TRACE] [REI] [REIServerPlugin END] Reloading Section: "pre-register/DefaultRuntimePlugin of DefaultRuntimePlugin [roughlyenoughitems]/"
[22:06:08] [main/TRACE] [REI] [REIServerPlugin END] Reloading Section: "pre-register/DefaultRuntimePlugin of DefaultRuntimePlugin [roughlyenoughitems]/" done in 54.52 μs
[22:06:08] [main/TRACE] [REI] [REIServerPlugin END] Reloading Section: "pre-register/ServerREIPlugin of ServerREIPlugin [farmersdelight]/"
[22:06:08] [main/TRACE] [REI] [REIServerPlugin END] Reloading Section: "pre-register/ServerREIPlugin of ServerREIPlugin [farmersdelight]/" done in 44.37 μs
[22:06:08] [main/TRACE] [REI] [REIServerPlugin END] Reloading Section: "pre-register/" done in 687.8 μs
[22:06:08] [main/TRACE] [REI] [REIServerPlugin END] Reloading Section: "pre-stage/"
[22:06:08] [main/TRACE] [REI] [REIServerPlugin END] Reloading Section: "pre-stage/MenuInfoRegistryImpl/"
[22:06:08] [main/TRACE] [REI] [REIServerPlugin END] Reloading Section: "pre-stage/MenuInfoRegistryImpl/" done in 46.70 μs
[22:06:08] [main/TRACE] [REI] [REIServerPlugin END] Reloading Section: "pre-stage/SlotAccessorRegistryImpl/"
[22:06:08] [main/TRACE] [REI] [REIServerPlugin END] Reloading Section: "pre-stage/SlotAccessorRegistryImpl/" done in 52.08 μs
[22:06:08] [main/TRACE] [REI] [REIServerPlugin END] Reloading Section: "pre-stage/" done in 365.6 μs
[22:06:08] [main/DEBUG] [REI] ========================================
[22:06:08] [main/DEBUG] [REI] REIServerPlugin finished pre-reload for END in 1.229 ms.
[22:06:08] [main/DEBUG] [REI] ========================================
[22:06:08] [main/INFO] [REI] ========================================
[22:06:08] [main/INFO] [REI] REIPlugin starting main-reload for END.
[22:06:08] [main/DEBUG] [REI] Reloadables (7):
[22:06:08] [main/DEBUG] [REI]  - EntryTypeRegistryImpl
[22:06:08] [main/DEBUG] [REI]  - EntrySettingsAdapterRegistryImpl
[22:06:08] [main/DEBUG] [REI]  - RecipeManagerContextImpl
[22:06:08] [main/DEBUG] [REI]  - ItemComparatorRegistryImpl
[22:06:08] [main/DEBUG] [REI]  - FluidComparatorRegistryImpl
[22:06:08] [main/DEBUG] [REI]  - DisplaySerializerRegistryImpl
[22:06:08] [main/DEBUG] [REI]  - FluidSupportProviderImpl
[22:06:08] [main/INFO] [REI] Plugins (4):
[22:06:08] [main/INFO] [REI]  - (-100.00) DefaultPlugin of DefaultPlugin [roughlyenoughitems]
[22:06:08] [main/INFO] [REI]  - (0.00) FabricFluidAPISupportPlugin
[22:06:08] [main/INFO] [REI]  - (0.00) DefaultRuntimePlugin of DefaultRuntimePlugin [roughlyenoughitems]
[22:06:08] [main/INFO] [REI]  - (0.00) ServerREIPlugin of ServerREIPlugin [farmersdelight]
[22:06:08] [main/INFO] [REI] ========================================
[22:06:08] [main/TRACE] [REI] [REIPlugin END] Reloading Section: "start-reload/"
[22:06:08] [main/TRACE] [REI] [REIPlugin END] Reloading Section: "start-reload/EntryTypeRegistryImpl/"
[22:06:08] [main/TRACE] [REI] [REIPlugin END] Reloading Section: "start-reload/EntryTypeRegistryImpl/" done in 36.27 μs
[22:06:08] [main/TRACE] [REI] [REIPlugin END] Reloading Section: "start-reload/EntrySettingsAdapterRegistryImpl/"
[22:06:08] [main/TRACE] [REI] [REIPlugin END] Reloading Section: "start-reload/EntrySettingsAdapterRegistryImpl/" done in 54.69 μs
[22:06:08] [main/TRACE] [REI] [REIPlugin END] Reloading Section: "start-reload/RecipeManagerContextImpl/"
[22:06:08] [main/TRACE] [REI] [REIPlugin END] Reloading Section: "start-reload/RecipeManagerContextImpl/" done in 36.73 μs
[22:06:08] [main/TRACE] [REI] [REIPlugin END] Reloading Section: "start-reload/ItemComparatorRegistryImpl/"
[22:06:08] [main/TRACE] [REI] [REIPlugin END] Reloading Section: "start-reload/ItemComparatorRegistryImpl/" done in 47.62 μs
[22:06:08] [main/TRACE] [REI] [REIPlugin END] Reloading Section: "start-reload/FluidComparatorRegistryImpl/"
[22:06:08] [main/TRACE] [REI] [REIPlugin END] Reloading Section: "start-reload/FluidComparatorRegistryImpl/" done in 44.36 μs
[22:06:08] [main/TRACE] [REI] [REIPlugin END] Reloading Section: "start-reload/DisplaySerializerRegistryImpl/"
[22:06:08] [main/TRACE] [REI] [REIPlugin END] Reloading Section: "start-reload/DisplaySerializerRegistryImpl/" done in 51.57 μs
[22:06:08] [main/TRACE] [REI] [REIPlugin END] Reloading Section: "start-reload/FluidSupportProviderImpl/"
[22:06:08] [main/TRACE] [REI] [REIPlugin END] Reloading Section: "start-reload/FluidSupportProviderImpl/" done in 35.05 μs
[22:06:08] [main/TRACE] [REI] [REIPlugin END] Reloading Section: "start-reload/" done in 911.7 μs
[22:06:08] [main/DEBUG] [REI] ========================================
[22:06:08] [main/DEBUG] [REI] REIPlugin started main-reload for END.
[22:06:08] [main/DEBUG] [REI] ========================================
[22:06:08] [main/TRACE] [REI] [REIPlugin END] Reloading Section: "reloadable-plugin/EntryTypeRegistryImpl/"
[22:06:08] [main/TRACE] [REI] [REIPlugin END] Reloading Section: "reloadable-plugin/EntryTypeRegistryImpl/DefaultPlugin of DefaultPlugin [roughlyenoughitems]/"
[22:06:08] [main/TRACE] [REI] [REIPlugin END] Reloading Section: "reloadable-plugin/EntryTypeRegistryImpl/DefaultPlugin of DefaultPlugin [roughlyenoughitems]/" done in 68.74 μs
[22:06:08] [main/TRACE] [REI] [REIPlugin END] Reloading Section: "reloadable-plugin/EntryTypeRegistryImpl/FabricFluidAPISupportPlugin/"
[22:06:08] [main/TRACE] [REI] [REIPlugin END] Reloading Section: "reloadable-plugin/EntryTypeRegistryImpl/FabricFluidAPISupportPlugin/" done in 52.11 μs
[22:06:08] [main/TRACE] [REI] [REIPlugin END] Reloading Section: "reloadable-plugin/EntryTypeRegistryImpl/DefaultRuntimePlugin of DefaultRuntimePlugin [roughlyenoughitems]/"
[22:06:08] [main/TRACE] [REI] [REIPlugin END] Reloading Section: "reloadable-plugin/EntryTypeRegistryImpl/DefaultRuntimePlugin of DefaultRuntimePlugin [roughlyenoughitems]/" done in 58.63 μs
[22:06:08] [main/TRACE] [REI] [REIPlugin END] Reloading Section: "reloadable-plugin/EntryTypeRegistryImpl/ServerREIPlugin of ServerREIPlugin [farmersdelight]/"
[22:06:08] [main/TRACE] [REI] [REIPlugin END] Reloading Section: "reloadable-plugin/EntryTypeRegistryImpl/ServerREIPlugin of ServerREIPlugin [farmersdelight]/" done in 50.99 μs
[22:06:08] [main/TRACE] [REI] [REIPlugin END] Reloading Section: "reloadable-plugin/EntryTypeRegistryImpl/" done in 2.160 ms
[22:06:08] [main/TRACE] [REI] [REIPlugin END] Reloading Section: "reloadable-plugin/EntrySettingsAdapterRegistryImpl/"
[22:06:08] [main/TRACE] [REI] [REIPlugin END] Reloading Section: "reloadable-plugin/EntrySettingsAdapterRegistryImpl/DefaultPlugin of DefaultPlugin [roughlyenoughitems]/"
[22:06:08] [main/TRACE] [REI] [REIPlugin END] Reloading Section: "reloadable-plugin/EntrySettingsAdapterRegistryImpl/DefaultPlugin of DefaultPlugin [roughlyenoughitems]/" done in 154.1 μs
[22:06:08] [main/TRACE] [REI] [REIPlugin END] Reloading Section: "reloadable-plugin/EntrySettingsAdapterRegistryImpl/FabricFluidAPISupportPlugin/"
[22:06:08] [main/TRACE] [REI] [REIPlugin END] Reloading Section: "reloadable-plugin/EntrySettingsAdapterRegistryImpl/FabricFluidAPISupportPlugin/" done in 34.57 μs
[22:06:08] [main/TRACE] [REI] [REIPlugin END] Reloading Section: "reloadable-plugin/EntrySettingsAdapterRegistryImpl/DefaultRuntimePlugin of DefaultRuntimePlugin [roughlyenoughitems]/"
[22:06:08] [main/TRACE] [REI] [REIPlugin END] Reloading Section: "reloadable-plugin/EntrySettingsAdapterRegistryImpl/DefaultRuntimePlugin of DefaultRuntimePlugin [roughlyenoughitems]/" done in 39.90 μs
[22:06:08] [main/TRACE] [REI] [REIPlugin END] Reloading Section: "reloadable-plugin/EntrySettingsAdapterRegistryImpl/ServerREIPlugin of ServerREIPlugin [farmersdelight]/"
[22:06:08] [main/TRACE] [REI] [REIPlugin END] Reloading Section: "reloadable-plugin/EntrySettingsAdapterRegistryImpl/ServerREIPlugin of ServerREIPlugin [farmersdelight]/" done in 35.37 μs
[22:06:08] [main/TRACE] [REI] [REIPlugin END] Reloading Section: "reloadable-plugin/EntrySettingsAdapterRegistryImpl/" done in 691.0 μs
[22:06:08] [main/TRACE] [REI] [REIPlugin END] Reloading Section: "reloadable-plugin/RecipeManagerContextImpl/"
[22:06:08] [main/TRACE] [REI] [REIPlugin END] Reloading Section: "reloadable-plugin/RecipeManagerContextImpl/DefaultPlugin of DefaultPlugin [roughlyenoughitems]/"
[22:06:08] [main/TRACE] [REI] [REIPlugin END] Reloading Section: "reloadable-plugin/RecipeManagerContextImpl/DefaultPlugin of DefaultPlugin [roughlyenoughitems]/" done in 39.88 μs
[22:06:08] [main/TRACE] [REI] [REIPlugin END] Reloading Section: "reloadable-plugin/RecipeManagerContextImpl/FabricFluidAPISupportPlugin/"
[22:06:08] [main/TRACE] [REI] [REIPlugin END] Reloading Section: "reloadable-plugin/RecipeManagerContextImpl/FabricFluidAPISupportPlugin/" done in 37.80 μs
[22:06:08] [main/TRACE] [REI] [REIPlugin END] Reloading Section: "reloadable-plugin/RecipeManagerContextImpl/DefaultRuntimePlugin of DefaultRuntimePlugin [roughlyenoughitems]/"
[22:06:08] [main/TRACE] [REI] [REIPlugin END] Reloading Section: "reloadable-plugin/RecipeManagerContextImpl/DefaultRuntimePlugin of DefaultRuntimePlugin [roughlyenoughitems]/" done in 37.66 μs
[22:06:08] [main/TRACE] [REI] [REIPlugin END] Reloading Section: "reloadable-plugin/RecipeManagerContextImpl/ServerREIPlugin of ServerREIPlugin [farmersdelight]/"
[22:06:08] [main/TRACE] [REI] [REIPlugin END] Reloading Section: "reloadable-plugin/RecipeManagerContextImpl/ServerREIPlugin of ServerREIPlugin [farmersdelight]/" done in 37.88 μs
[22:06:08] [main/TRACE] [REI] [REIPlugin END] Reloading Section: "reloadable-plugin/RecipeManagerContextImpl/" done in 484.6 μs
[22:06:08] [main/TRACE] [REI] [REIPlugin END] Reloading Section: "reloadable-plugin/ItemComparatorRegistryImpl/"
[22:06:08] [main/TRACE] [REI] [REIPlugin END] Reloading Section: "reloadable-plugin/ItemComparatorRegistryImpl/DefaultPlugin of DefaultPlugin [roughlyenoughitems]/"
[22:06:08] [main/TRACE] [REI] [REIPlugin END] Reloading Section: "reloadable-plugin/ItemComparatorRegistryImpl/DefaultPlugin of DefaultPlugin [roughlyenoughitems]/" done in 35.48 μs
[22:06:08] [main/TRACE] [REI] [REIPlugin END] Reloading Section: "reloadable-plugin/ItemComparatorRegistryImpl/FabricFluidAPISupportPlugin/"
[22:06:08] [main/TRACE] [REI] [REIPlugin END] Reloading Section: "reloadable-plugin/ItemComparatorRegistryImpl/FabricFluidAPISupportPlugin/" done in 60.86 μs
[22:06:08] [main/TRACE] [REI] [REIPlugin END] Reloading Section: "reloadable-plugin/ItemComparatorRegistryImpl/DefaultRuntimePlugin of DefaultRuntimePlugin [roughlyenoughitems]/"
[22:06:08] [main/TRACE] [REI] [REIPlugin END] Reloading Section: "reloadable-plugin/ItemComparatorRegistryImpl/DefaultRuntimePlugin of DefaultRuntimePlugin [roughlyenoughitems]/" done in 28.35 μs
[22:06:08] [main/TRACE] [REI] [REIPlugin END] Reloading Section: "reloadable-plugin/ItemComparatorRegistryImpl/ServerREIPlugin of ServerREIPlugin [farmersdelight]/"
[22:06:08] [main/TRACE] [REI] [REIPlugin END] Reloading Section: "reloadable-plugin/ItemComparatorRegistryImpl/ServerREIPlugin of ServerREIPlugin [farmersdelight]/" done in 28.33 μs
[22:06:08] [main/TRACE] [REI] [REIPlugin END] Reloading Section: "reloadable-plugin/ItemComparatorRegistryImpl/" done in 950.4 μs
[22:06:08] [main/TRACE] [REI] [REIPlugin END] Reloading Section: "reloadable-plugin/FluidComparatorRegistryImpl/"
[22:06:08] [main/TRACE] [REI] [REIPlugin END] Reloading Section: "reloadable-plugin/FluidComparatorRegistryImpl/DefaultPlugin of DefaultPlugin [roughlyenoughitems]/"
[22:06:08] [main/TRACE] [REI] [REIPlugin END] Reloading Section: "reloadable-plugin/FluidComparatorRegistryImpl/DefaultPlugin of DefaultPlugin [roughlyenoughitems]/" done in 851.4 μs
[22:06:08] [main/TRACE] [REI] [REIPlugin END] Reloading Section: "reloadable-plugin/FluidComparatorRegistryImpl/FabricFluidAPISupportPlugin/"
[22:06:08] [main/TRACE] [REI] [REIPlugin END] Reloading Section: "reloadable-plugin/FluidComparatorRegistryImpl/FabricFluidAPISupportPlugin/" done in 49.04 μs
[22:06:08] [main/TRACE] [REI] [REIPlugin END] Reloading Section: "reloadable-plugin/FluidComparatorRegistryImpl/DefaultRuntimePlugin of DefaultRuntimePlugin [roughlyenoughitems]/"
[22:06:08] [main/TRACE] [REI] [REIPlugin END] Reloading Section: "reloadable-plugin/FluidComparatorRegistryImpl/DefaultRuntimePlugin of DefaultRuntimePlugin [roughlyenoughitems]/" done in 116.4 μs
[22:06:08] [main/TRACE] [REI] [REIPlugin END] Reloading Section: "reloadable-plugin/FluidComparatorRegistryImpl/ServerREIPlugin of ServerREIPlugin [farmersdelight]/"
[22:06:08] [main/TRACE] [REI] [REIPlugin END] Reloading Section: "reloadable-plugin/FluidComparatorRegistryImpl/ServerREIPlugin of ServerREIPlugin [farmersdelight]/" done in 42.62 μs
[22:06:08] [main/TRACE] [REI] [REIPlugin END] Reloading Section: "reloadable-plugin/FluidComparatorRegistryImpl/" done in 2.481 ms
[22:06:08] [main/TRACE] [REI] [REIPlugin END] Reloading Section: "reloadable-plugin/DisplaySerializerRegistryImpl/"
[22:06:08] [main/TRACE] [REI] [REIPlugin END] Reloading Section: "reloadable-plugin/DisplaySerializerRegistryImpl/DefaultPlugin of DefaultPlugin [roughlyenoughitems]/"
[22:06:08] [main/TRACE] [REI] [REIPlugin END] Reloading Section: "reloadable-plugin/DisplaySerializerRegistryImpl/DefaultPlugin of DefaultPlugin [roughlyenoughitems]/" done in 17.05 ms
[22:06:08] [main/TRACE] [REI] [REIPlugin END] Reloading Section: "reloadable-plugin/DisplaySerializerRegistryImpl/FabricFluidAPISupportPlugin/"
[22:06:08] [main/TRACE] [REI] [REIPlugin END] Reloading Section: "reloadable-plugin/DisplaySerializerRegistryImpl/FabricFluidAPISupportPlugin/" done in 59.11 μs
[22:06:08] [main/TRACE] [REI] [REIPlugin END] Reloading Section: "reloadable-plugin/DisplaySerializerRegistryImpl/DefaultRuntimePlugin of DefaultRuntimePlugin [roughlyenoughitems]/"
[22:06:08] [main/TRACE] [REI] [REIPlugin END] Reloading Section: "reloadable-plugin/DisplaySerializerRegistryImpl/DefaultRuntimePlugin of DefaultRuntimePlugin [roughlyenoughitems]/" done in 42.77 μs
[22:06:08] [main/TRACE] [REI] [REIPlugin END] Reloading Section: "reloadable-plugin/DisplaySerializerRegistryImpl/ServerREIPlugin of ServerREIPlugin [farmersdelight]/"
[22:06:08] [main/TRACE] [REI] [REIPlugin END] Reloading Section: "reloadable-plugin/DisplaySerializerRegistryImpl/ServerREIPlugin of ServerREIPlugin [farmersdelight]/" done in 1.443 ms
[22:06:08] [main/TRACE] [REI] [REIPlugin END] Reloading Section: "reloadable-plugin/DisplaySerializerRegistryImpl/" done in 19.14 ms
[22:06:08] [main/TRACE] [REI] [REIPlugin END] Reloading Section: "reloadable-plugin/FluidSupportProviderImpl/"
[22:06:08] [main/TRACE] [REI] [REIPlugin END] Reloading Section: "reloadable-plugin/FluidSupportProviderImpl/DefaultPlugin of DefaultPlugin [roughlyenoughitems]/"
[22:06:08] [main/TRACE] [REI] [REIPlugin END] Reloading Section: "reloadable-plugin/FluidSupportProviderImpl/DefaultPlugin of DefaultPlugin [roughlyenoughitems]/" done in 24.67 μs
[22:06:08] [main/TRACE] [REI] [REIPlugin END] Reloading Section: "reloadable-plugin/FluidSupportProviderImpl/FabricFluidAPISupportPlugin/"
[22:06:08] [main/TRACE] [REI] [REIPlugin END] Reloading Section: "reloadable-plugin/FluidSupportProviderImpl/FabricFluidAPISupportPlugin/" done in 99.05 μs
[22:06:08] [main/TRACE] [REI] [REIPlugin END] Reloading Section: "reloadable-plugin/FluidSupportProviderImpl/DefaultRuntimePlugin of DefaultRuntimePlugin [roughlyenoughitems]/"
[22:06:08] [main/TRACE] [REI] [REIPlugin END] Reloading Section: "reloadable-plugin/FluidSupportProviderImpl/DefaultRuntimePlugin of DefaultRuntimePlugin [roughlyenoughitems]/" done in 41.67 μs
[22:06:08] [main/TRACE] [REI] [REIPlugin END] Reloading Section: "reloadable-plugin/FluidSupportProviderImpl/ServerREIPlugin of ServerREIPlugin [farmersdelight]/"
[22:06:08] [main/TRACE] [REI] [REIPlugin END] Reloading Section: "reloadable-plugin/FluidSupportProviderImpl/ServerREIPlugin of ServerREIPlugin [farmersdelight]/" done in 41.30 μs
[22:06:08] [main/TRACE] [REI] [REIPlugin END] Reloading Section: "reloadable-plugin/FluidSupportProviderImpl/" done in 583.7 μs
[22:06:08] [main/DEBUG] [REI] ========================================
[22:06:08] [main/DEBUG] [REI] REIPlugin ending main-reload for END.
[22:06:08] [main/DEBUG] [REI] ========================================
[22:06:08] [main/TRACE] [REI] [REIPlugin END] Reloading Section: "end-reload/"
[22:06:08] [main/TRACE] [REI] [REIPlugin END] Reloading Section: "end-reload/EntryTypeRegistryImpl/"
[22:06:08] [main/TRACE] [REI] [REIPlugin END] Reloading Section: "end-reload/EntryTypeRegistryImpl/" done in 26.29 μs
[22:06:08] [main/TRACE] [REI] [REIPlugin END] Reloading Section: "end-reload/EntrySettingsAdapterRegistryImpl/"
[22:06:08] [main/TRACE] [REI] [REIPlugin END] Reloading Section: "end-reload/EntrySettingsAdapterRegistryImpl/" done in 274.7 μs
[22:06:08] [main/TRACE] [REI] [REIPlugin END] Reloading Section: "end-reload/RecipeManagerContextImpl/"
[22:06:08] [main/TRACE] [REI] [REIPlugin END] Reloading Section: "end-reload/RecipeManagerContextImpl/" done in 34.13 μs
[22:06:08] [main/TRACE] [REI] [REIPlugin END] Reloading Section: "end-reload/ItemComparatorRegistryImpl/"
[22:06:08] [main/TRACE] [REI] [REIPlugin END] Reloading Section: "end-reload/ItemComparatorRegistryImpl/" done in 21.10 μs
[22:06:08] [main/TRACE] [REI] [REIPlugin END] Reloading Section: "end-reload/FluidComparatorRegistryImpl/"
[22:06:08] [main/TRACE] [REI] [REIPlugin END] Reloading Section: "end-reload/FluidComparatorRegistryImpl/" done in 16.24 μs
[22:06:08] [main/TRACE] [REI] [REIPlugin END] Reloading Section: "end-reload/DisplaySerializerRegistryImpl/"
[22:06:08] [main/TRACE] [REI] [REIPlugin END] Reloading Section: "end-reload/DisplaySerializerRegistryImpl/" done in 39.18 μs
[22:06:08] [main/TRACE] [REI] [REIPlugin END] Reloading Section: "end-reload/FluidSupportProviderImpl/"
[22:06:08] [main/TRACE] [REI] [REIPlugin END] Reloading Section: "end-reload/FluidSupportProviderImpl/" done in 16.82 μs
[22:06:08] [main/TRACE] [REI] [REIPlugin END] Reloading Section: "end-reload/" done in 903.0 μs
[22:06:08] [main/DEBUG] [REI] ========================================
[22:06:08] [main/DEBUG] [REI] REIPlugin ended main-reload for END in 30.85 ms.
[22:06:08] [main/DEBUG] [REI] ========================================
[22:06:08] [main/INFO] [REI] OOOOOOOOOOOOOOOOOOOOOOOOOOOOOOOOOOOOOOOO
[22:06:08] [main/INFO] [REI] REIServerPlugin starting main-reload for END.
[22:06:08] [main/DEBUG] [REI] Reloadables (2):
[22:06:08] [main/DEBUG] [REI]  - MenuInfoRegistryImpl
[22:06:08] [main/DEBUG] [REI]  - SlotAccessorRegistryImpl
[22:06:08] [main/INFO] [REI] Plugins (4):
[22:06:08] [main/INFO] [REI]  - (-100.00) DefaultPlugin of DefaultPlugin [roughlyenoughitems]
[22:06:08] [main/INFO] [REI]  - (0.00) FabricFluidAPISupportPlugin
[22:06:08] [main/INFO] [REI]  - (0.00) DefaultRuntimePlugin of DefaultRuntimePlugin [roughlyenoughitems]
[22:06:08] [main/INFO] [REI]  - (0.00) ServerREIPlugin of ServerREIPlugin [farmersdelight]
[22:06:08] [main/INFO] [REI] OOOOOOOOOOOOOOOOOOOOOOOOOOOOOOOOOOOOOOOO
[22:06:08] [main/TRACE] [REI] [REIServerPlugin END] Reloading Section: "start-reload/"
[22:06:08] [main/TRACE] [REI] [REIServerPlugin END] Reloading Section: "start-reload/MenuInfoRegistryImpl/"
[22:06:08] [main/TRACE] [REI] [REIServerPlugin END] Reloading Section: "start-reload/MenuInfoRegistryImpl/" done in 33.83 μs
[22:06:08] [main/TRACE] [REI] [REIServerPlugin END] Reloading Section: "start-reload/SlotAccessorRegistryImpl/"
[22:06:08] [main/TRACE] [REI] [REIServerPlugin END] Reloading Section: "start-reload/SlotAccessorRegistryImpl/" done in 22.25 μs
[22:06:08] [main/TRACE] [REI] [REIServerPlugin END] Reloading Section: "start-reload/" done in 205.8 μs
[22:06:08] [main/DEBUG] [REI] ========================================
[22:06:08] [main/DEBUG] [REI] REIServerPlugin started main-reload for END.
[22:06:08] [main/DEBUG] [REI] ========================================
[22:06:08] [main/TRACE] [REI] [REIServerPlugin END] Reloading Section: "reloadable-plugin/MenuInfoRegistryImpl/"
[22:06:08] [main/TRACE] [REI] [REIServerPlugin END] Reloading Section: "reloadable-plugin/MenuInfoRegistryImpl/DefaultPlugin of DefaultPlugin [roughlyenoughitems]/"
[22:06:08] [main/TRACE] [REI] [REIServerPlugin END] Reloading Section: "reloadable-plugin/MenuInfoRegistryImpl/DefaultPlugin of DefaultPlugin [roughlyenoughitems]/" done in 39.24 μs
[22:06:08] [main/TRACE] [REI] [REIServerPlugin END] Reloading Section: "reloadable-plugin/MenuInfoRegistryImpl/FabricFluidAPISupportPlugin/"
[22:06:08] [main/TRACE] [REI] [REIServerPlugin END] Reloading Section: "reloadable-plugin/MenuInfoRegistryImpl/FabricFluidAPISupportPlugin/" done in 26.27 μs
[22:06:08] [main/TRACE] [REI] [REIServerPlugin END] Reloading Section: "reloadable-plugin/MenuInfoRegistryImpl/DefaultRuntimePlugin of DefaultRuntimePlugin [roughlyenoughitems]/"
[22:06:08] [main/TRACE] [REI] [REIServerPlugin END] Reloading Section: "reloadable-plugin/MenuInfoRegistryImpl/DefaultRuntimePlugin of DefaultRuntimePlugin [roughlyenoughitems]/" done in 43.61 μs
[22:06:08] [main/TRACE] [REI] [REIServerPlugin END] Reloading Section: "reloadable-plugin/MenuInfoRegistryImpl/ServerREIPlugin of ServerREIPlugin [farmersdelight]/"
[22:06:08] [main/TRACE] [REI] [REIServerPlugin END] Reloading Section: "reloadable-plugin/MenuInfoRegistryImpl/ServerREIPlugin of ServerREIPlugin [farmersdelight]/" done in 37.84 μs
[22:06:08] [main/TRACE] [REI] [REIServerPlugin END] Reloading Section: "reloadable-plugin/MenuInfoRegistryImpl/" done in 1.059 ms
[22:06:08] [main/TRACE] [REI] [REIServerPlugin END] Reloading Section: "reloadable-plugin/SlotAccessorRegistryImpl/"
[22:06:08] [main/TRACE] [REI] [REIServerPlugin END] Reloading Section: "reloadable-plugin/SlotAccessorRegistryImpl/DefaultPlugin of DefaultPlugin [roughlyenoughitems]/"
[22:06:08] [main/TRACE] [REI] [REIServerPlugin END] Reloading Section: "reloadable-plugin/SlotAccessorRegistryImpl/DefaultPlugin of DefaultPlugin [roughlyenoughitems]/" done in 70.66 μs
[22:06:08] [main/TRACE] [REI] [REIServerPlugin END] Reloading Section: "reloadable-plugin/SlotAccessorRegistryImpl/FabricFluidAPISupportPlugin/"
[22:06:08] [main/TRACE] [REI] [REIServerPlugin END] Reloading Section: "reloadable-plugin/SlotAccessorRegistryImpl/FabricFluidAPISupportPlugin/" done in 36.40 μs
[22:06:08] [main/TRACE] [REI] [REIServerPlugin END] Reloading Section: "reloadable-plugin/SlotAccessorRegistryImpl/DefaultRuntimePlugin of DefaultRuntimePlugin [roughlyenoughitems]/"
[22:06:08] [main/DEBUG] [REI] Added slot accessor serializer: me.shedaniel.rei.plugin.common.runtime.DefaultRuntimePlugin$1@53788f00 [roughlyenoughitems:vanilla]
[22:06:08] [main/DEBUG] [REI] Added slot accessor serializer: me.shedaniel.rei.plugin.common.runtime.DefaultRuntimePlugin$2@527adee8 [roughlyenoughitems:player]
[22:06:08] [main/TRACE] [REI] [REIServerPlugin END] Reloading Section: "reloadable-plugin/SlotAccessorRegistryImpl/DefaultRuntimePlugin of DefaultRuntimePlugin [roughlyenoughitems]/" done in 2.726 ms
[22:06:08] [main/TRACE] [REI] [REIServerPlugin END] Reloading Section: "reloadable-plugin/SlotAccessorRegistryImpl/ServerREIPlugin of ServerREIPlugin [farmersdelight]/"
[22:06:08] [main/TRACE] [REI] [REIServerPlugin END] Reloading Section: "reloadable-plugin/SlotAccessorRegistryImpl/ServerREIPlugin of ServerREIPlugin [farmersdelight]/" done in 49.66 μs
[22:06:08] [main/TRACE] [REI] [REIServerPlugin END] Reloading Section: "reloadable-plugin/SlotAccessorRegistryImpl/" done in 3.320 ms
[22:06:08] [main/DEBUG] [REI] ========================================
[22:06:08] [main/DEBUG] [REI] REIServerPlugin ending main-reload for END.
[22:06:08] [main/DEBUG] [REI] ========================================
[22:06:08] [main/TRACE] [REI] [REIServerPlugin END] Reloading Section: "end-reload/"
[22:06:08] [main/TRACE] [REI] [REIServerPlugin END] Reloading Section: "end-reload/MenuInfoRegistryImpl/"
[22:06:08] [main/DEBUG] [REI] Registered 0 menu infos
[22:06:08] [main/TRACE] [REI] [REIServerPlugin END] Reloading Section: "end-reload/MenuInfoRegistryImpl/" done in 89.85 μs
[22:06:08] [main/TRACE] [REI] [REIServerPlugin END] Reloading Section: "end-reload/SlotAccessorRegistryImpl/"
[22:06:08] [main/DEBUG] [REI] Registered 2 slot accessor serializers
[22:06:08] [main/TRACE] [REI] [REIServerPlugin END] Reloading Section: "end-reload/SlotAccessorRegistryImpl/" done in 104.9 μs
[22:06:08] [main/TRACE] [REI] [REIServerPlugin END] Reloading Section: "end-reload/" done in 376.6 μs
[22:06:08] [main/DEBUG] [REI] ========================================
[22:06:08] [main/DEBUG] [REI] REIServerPlugin ended main-reload for END in 6.604 ms.
[22:06:08] [main/DEBUG] [REI] ========================================
[22:06:08] [main/DEBUG] [REI] ========================================
[22:06:08] [main/DEBUG] [REI] REIPlugin starting post-reload for END.
[22:06:08] [main/DEBUG] [REI] Reloadables (7):
[22:06:08] [main/DEBUG] [REI]  - EntryTypeRegistryImpl
[22:06:08] [main/DEBUG] [REI]  - EntrySettingsAdapterRegistryImpl
[22:06:08] [main/DEBUG] [REI]  - RecipeManagerContextImpl
[22:06:08] [main/DEBUG] [REI]  - ItemComparatorRegistryImpl
[22:06:08] [main/DEBUG] [REI]  - FluidComparatorRegistryImpl
[22:06:08] [main/DEBUG] [REI]  - DisplaySerializerRegistryImpl
[22:06:08] [main/DEBUG] [REI]  - FluidSupportProviderImpl
[22:06:08] [main/DEBUG] [REI] Plugins (4):
[22:06:08] [main/DEBUG] [REI]  - (-100.00) DefaultPlugin of DefaultPlugin [roughlyenoughitems]
[22:06:08] [main/DEBUG] [REI]  - (0.00) FabricFluidAPISupportPlugin
[22:06:08] [main/DEBUG] [REI]  - (0.00) DefaultRuntimePlugin of DefaultRuntimePlugin [roughlyenoughitems]
[22:06:08] [main/DEBUG] [REI]  - (0.00) ServerREIPlugin of ServerREIPlugin [farmersdelight]
[22:06:08] [main/DEBUG] [REI] ========================================
[22:06:08] [main/TRACE] [REI] [REIPlugin END] Reloading Section: "post-register/"
[22:06:08] [main/TRACE] [REI] [REIPlugin END] Reloading Section: "post-register/DefaultPlugin of DefaultPlugin [roughlyenoughitems]/"
[22:06:08] [main/TRACE] [REI] [REIPlugin END] Reloading Section: "post-register/DefaultPlugin of DefaultPlugin [roughlyenoughitems]/" done in 34.26 μs
[22:06:08] [main/TRACE] [REI] [REIPlugin END] Reloading Section: "post-register/FabricFluidAPISupportPlugin/"
[22:06:08] [main/TRACE] [REI] [REIPlugin END] Reloading Section: "post-register/FabricFluidAPISupportPlugin/" done in 32.24 μs
[22:06:08] [main/TRACE] [REI] [REIPlugin END] Reloading Section: "post-register/DefaultRuntimePlugin of DefaultRuntimePlugin [roughlyenoughitems]/"
[22:06:08] [main/TRACE] [REI] [REIPlugin END] Reloading Section: "post-register/DefaultRuntimePlugin of DefaultRuntimePlugin [roughlyenoughitems]/" done in 32.03 μs
[22:06:08] [main/TRACE] [REI] [REIPlugin END] Reloading Section: "post-register/ServerREIPlugin of ServerREIPlugin [farmersdelight]/"
[22:06:08] [main/TRACE] [REI] [REIPlugin END] Reloading Section: "post-register/ServerREIPlugin of ServerREIPlugin [farmersdelight]/" done in 57.96 μs
[22:06:08] [main/TRACE] [REI] [REIPlugin END] Reloading Section: "post-register/" done in 465.1 μs
[22:06:08] [main/TRACE] [REI] [REIPlugin END] Reloading Section: "post-stage/"
[22:06:08] [main/TRACE] [REI] [REIPlugin END] Reloading Section: "post-stage/EntryTypeRegistryImpl/"
[22:06:08] [main/TRACE] [REI] [REIPlugin END] Reloading Section: "post-stage/EntryTypeRegistryImpl/" done in 32.60 μs
[22:06:08] [main/TRACE] [REI] [REIPlugin END] Reloading Section: "post-stage/EntrySettingsAdapterRegistryImpl/"
[22:06:08] [main/TRACE] [REI] [REIPlugin END] Reloading Section: "post-stage/EntrySettingsAdapterRegistryImpl/" done in 37.83 μs
[22:06:08] [main/TRACE] [REI] [REIPlugin END] Reloading Section: "post-stage/RecipeManagerContextImpl/"
[22:06:08] [main/TRACE] [REI] [REIPlugin END] Reloading Section: "post-stage/RecipeManagerContextImpl/" done in 30.55 μs
[22:06:08] [main/TRACE] [REI] [REIPlugin END] Reloading Section: "post-stage/ItemComparatorRegistryImpl/"
[22:06:08] [main/TRACE] [REI] [REIPlugin END] Reloading Section: "post-stage/ItemComparatorRegistryImpl/" done in 32.27 μs
[22:06:08] [main/TRACE] [REI] [REIPlugin END] Reloading Section: "post-stage/FluidComparatorRegistryImpl/"
[22:06:08] [main/TRACE] [REI] [REIPlugin END] Reloading Section: "post-stage/FluidComparatorRegistryImpl/" done in 37.41 μs
[22:06:08] [main/TRACE] [REI] [REIPlugin END] Reloading Section: "post-stage/DisplaySerializerRegistryImpl/"
[22:06:08] [main/TRACE] [REI] [REIPlugin END] Reloading Section: "post-stage/DisplaySerializerRegistryImpl/" done in 32.32 μs
[22:06:08] [main/TRACE] [REI] [REIPlugin END] Reloading Section: "post-stage/FluidSupportProviderImpl/"
[22:06:08] [main/TRACE] [REI] [REIPlugin END] Reloading Section: "post-stage/FluidSupportProviderImpl/" done in 35.72 μs
[22:06:08] [main/TRACE] [REI] [REIPlugin END] Reloading Section: "post-stage/" done in 908.0 μs
[22:06:08] [main/DEBUG] [REI] ========================================
[22:06:08] [main/INFO] [REI] REIPlugin finished post-reload for END in 1.524 ms, totaling 33.99 ms.
[22:06:08] [main/DEBUG] [REI] ========================================
[22:06:08] [main/DEBUG] [REI] ========================================
[22:06:08] [main/DEBUG] [REI] REIServerPlugin starting post-reload for END.
[22:06:08] [main/DEBUG] [REI] Reloadables (2):
[22:06:08] [main/DEBUG] [REI]  - MenuInfoRegistryImpl
[22:06:08] [main/DEBUG] [REI]  - SlotAccessorRegistryImpl
[22:06:08] [main/DEBUG] [REI] Plugins (4):
[22:06:08] [main/DEBUG] [REI]  - (-100.00) DefaultPlugin of DefaultPlugin [roughlyenoughitems]
[22:06:08] [main/DEBUG] [REI]  - (0.00) FabricFluidAPISupportPlugin
[22:06:08] [main/DEBUG] [REI]  - (0.00) DefaultRuntimePlugin of DefaultRuntimePlugin [roughlyenoughitems]
[22:06:08] [main/DEBUG] [REI]  - (0.00) ServerREIPlugin of ServerREIPlugin [farmersdelight]
[22:06:08] [main/DEBUG] [REI] ========================================
[22:06:08] [main/TRACE] [REI] [REIServerPlugin END] Reloading Section: "post-register/"
[22:06:08] [main/TRACE] [REI] [REIServerPlugin END] Reloading Section: "post-register/DefaultPlugin of DefaultPlugin [roughlyenoughitems]/"
[22:06:08] [main/TRACE] [REI] [REIServerPlugin END] Reloading Section: "post-register/DefaultPlugin of DefaultPlugin [roughlyenoughitems]/" done in 32.71 μs
[22:06:08] [main/TRACE] [REI] [REIServerPlugin END] Reloading Section: "post-register/FabricFluidAPISupportPlugin/"
[22:06:08] [main/TRACE] [REI] [REIServerPlugin END] Reloading Section: "post-register/FabricFluidAPISupportPlugin/" done in 32.32 μs
[22:06:08] [main/TRACE] [REI] [REIServerPlugin END] Reloading Section: "post-register/DefaultRuntimePlugin of DefaultRuntimePlugin [roughlyenoughitems]/"
[22:06:08] [main/TRACE] [REI] [REIServerPlugin END] Reloading Section: "post-register/DefaultRuntimePlugin of DefaultRuntimePlugin [roughlyenoughitems]/" done in 34.26 μs
[22:06:08] [main/TRACE] [REI] [REIServerPlugin END] Reloading Section: "post-register/ServerREIPlugin of ServerREIPlugin [farmersdelight]/"
[22:06:08] [main/TRACE] [REI] [REIServerPlugin END] Reloading Section: "post-register/ServerREIPlugin of ServerREIPlugin [farmersdelight]/" done in 36.80 μs
[22:06:08] [main/TRACE] [REI] [REIServerPlugin END] Reloading Section: "post-register/" done in 451.3 μs
[22:06:08] [main/TRACE] [REI] [REIServerPlugin END] Reloading Section: "post-stage/"
[22:06:08] [main/TRACE] [REI] [REIServerPlugin END] Reloading Section: "post-stage/MenuInfoRegistryImpl/"
[22:06:08] [main/TRACE] [REI] [REIServerPlugin END] Reloading Section: "post-stage/MenuInfoRegistryImpl/" done in 39.80 μs
[22:06:08] [main/TRACE] [REI] [REIServerPlugin END] Reloading Section: "post-stage/SlotAccessorRegistryImpl/"
[22:06:08] [main/TRACE] [REI] [REIServerPlugin END] Reloading Section: "post-stage/SlotAccessorRegistryImpl/" done in 37.64 μs
[22:06:08] [main/TRACE] [REI] [REIServerPlugin END] Reloading Section: "post-stage/" done in 299.5 μs
[22:06:08] [main/DEBUG] [REI] ========================================
[22:06:08] [main/INFO] [REI] REIServerPlugin finished post-reload for END in 901.9 μs, totaling 8.707 ms.
[22:06:08] [main/DEBUG] [REI] ========================================
